This file contains any messages produced by compilers while
running configure, to aid debugging if configure makes a mistake.

It was created by libressl configure 3.2.0, which was
generated by GNU Autoconf 2.69.  Invocation command line was

  $ ./configure --enable-nc

## --------- ##
## Platform. ##
## --------- ##

hostname = e1r2p12.unit.ua
uname -m = x86_64
uname -r = 18.7.0
uname -s = Darwin
uname -v = Darwin Kernel Version 18.7.0: Mon Apr 27 20:09:39 PDT 2020; root:xnu-4903.278.35~1/RELEASE_X86_64

/usr/bin/uname -p = i386
/bin/uname -X     = unknown

/bin/arch              = unknown
/usr/bin/arch -k       = unknown
/usr/convex/getsysinfo = unknown
/usr/bin/hostinfo      = Mach kernel version:
	 Darwin Kernel Version 18.7.0: Mon Apr 27 20:09:39 PDT 2020; root:xnu-4903.278.35~1/RELEASE_X86_64
Kernel configured for up to 4 processors.
4 processors are physically available.
4 processors are logically available.
Processor type: x86_64h (Intel x86-64h Haswell)
Processors active: 0 1 2 3
Primary memory available: 8.00 gigabytes
Default processor set: 314 tasks, 1402 threads, 4 processors
Load average: 2.08, Mach factor: 1.90
/bin/machine           = unknown
/usr/bin/oslevel       = unknown
/bin/universe          = unknown

PATH: /Users/blevishche/.brew/bin
PATH: /usr/local/bin
PATH: /usr/bin
PATH: /bin
PATH: /usr/sbin
PATH: /sbin
PATH: /usr/local/munki
PATH: /Users/blevishche/.brew/bin


## ----------- ##
## Core tests. ##
## ----------- ##

configure:2576: checking build system type
configure:2590: result: x86_64-apple-darwin18.7.0
configure:2610: checking host system type
configure:2623: result: x86_64-apple-darwin18.7.0
configure:2659: checking for a BSD-compatible install
configure:2727: result: /Users/blevishche/.brew/bin/ginstall -c
configure:2738: checking whether build environment is sane
configure:2793: result: yes
configure:2944: checking for a thread-safe mkdir -p
configure:2983: result: /Users/blevishche/.brew/bin/gmkdir -p
configure:2990: checking for gawk
configure:3020: result: no
configure:2990: checking for mawk
configure:3020: result: no
configure:2990: checking for nawk
configure:3020: result: no
configure:2990: checking for awk
configure:3006: found /usr/bin/awk
configure:3017: result: awk
configure:3028: checking whether make sets $(MAKE)
configure:3050: result: yes
configure:3079: checking whether make supports nested variables
configure:3096: result: yes
configure:3235: checking whether make supports nested variables
configure:3252: result: yes
configure:3321: checking for cc
configure:3337: found /usr/bin/cc
configure:3348: result: cc
configure:3379: checking for C compiler version
configure:3388: cc --version >&5
Apple LLVM version 10.0.1 (clang-1001.0.46.4)
Target: x86_64-apple-darwin18.7.0
Thread model: posix
InstalledDir: /Library/Developer/CommandLineTools/usr/bin
configure:3399: $? = 0
configure:3388: cc -v >&5
Apple LLVM version 10.0.1 (clang-1001.0.46.4)
Target: x86_64-apple-darwin18.7.0
Thread model: posix
InstalledDir: /Library/Developer/CommandLineTools/usr/bin
configure:3399: $? = 0
configure:3388: cc -V >&5
clang: error: unsupported option '-V -Wno-atomic-implicit-seq-cst'
clang: error: no input files
configure:3399: $? = 1
configure:3388: cc -qversion >&5
clang: error: unknown argument '-qversion', did you mean '--version'?
clang: error: no input files
configure:3399: $? = 1
configure:3419: checking whether the C compiler works
configure:3441: cc    conftest.c  >&5
configure:3445: $? = 0
configure:3493: result: yes
configure:3496: checking for C compiler default output file name
configure:3498: result: a.out
configure:3504: checking for suffix of executables
configure:3511: cc -o conftest    conftest.c  >&5
configure:3515: $? = 0
configure:3537: result: 
configure:3559: checking whether we are cross compiling
configure:3567: cc -o conftest    conftest.c  >&5
configure:3571: $? = 0
configure:3578: ./conftest
configure:3582: $? = 0
configure:3597: result: no
configure:3602: checking for suffix of object files
configure:3624: cc -c   conftest.c >&5
configure:3628: $? = 0
configure:3649: result: o
configure:3653: checking whether we are using the GNU C compiler
configure:3672: cc -c   conftest.c >&5
configure:3672: $? = 0
configure:3681: result: yes
configure:3690: checking whether cc accepts -g
configure:3710: cc -c -g  conftest.c >&5
configure:3710: $? = 0
configure:3751: result: yes
configure:3768: checking for cc option to accept ISO C89
configure:3831: cc  -c -g -O2  conftest.c >&5
configure:3831: $? = 0
configure:3844: result: none needed
configure:3869: checking whether cc understands -c and -o together
configure:3891: cc -c conftest.c -o conftest2.o
configure:3894: $? = 0
configure:3891: cc -c conftest.c -o conftest2.o
configure:3894: $? = 0
configure:3906: result: yes
configure:3926: checking whether make supports the include directive
configure:3941: make -f confmf.GNU && cat confinc.out
this is the am__doit target
configure:3944: $? = 0
configure:3963: result: yes (GNU style)
configure:3988: checking dependency style of cc
configure:4099: result: gcc3
configure:4118: checking for cc option to accept ISO C99
configure:4267: cc  -c -g -O2  conftest.c >&5
configure:4267: $? = 0
configure:4280: result: none needed
configure:4388: checking for cc option to accept ISO Standard C
configure:4399: result: none needed
configure:4453: checking how to print strings
configure:4480: result: printf
configure:4501: checking for a sed that does not truncate output
configure:4565: result: /Users/blevishche/.brew/bin/gsed
configure:4583: checking for grep that handles long lines and -e
configure:4641: result: /usr/bin/grep
configure:4646: checking for egrep
configure:4708: result: /usr/bin/grep -E
configure:4713: checking for fgrep
configure:4775: result: /usr/bin/grep -F
configure:4810: checking for ld used by cc
configure:4877: result: /Library/Developer/CommandLineTools/usr/bin/ld
configure:4884: checking if the linker (/Library/Developer/CommandLineTools/usr/bin/ld) is GNU ld
configure:4899: result: no
configure:4911: checking for BSD- or MS-compatible name lister (nm)
configure:4960: result: /usr/bin/nm -B
configure:5090: checking the name lister (/usr/bin/nm -B) interface
configure:5097: cc -c -g -O2  conftest.c >&5
configure:5100: /usr/bin/nm -B "conftest.o"
configure:5103: output
00000000000001e4 S _some_variable
configure:5110: result: BSD nm
configure:5113: checking whether ln -s works
configure:5117: result: yes
configure:5125: checking the maximum length of command line arguments
configure:5255: result: 196608
configure:5272: checking whether the shell understands some XSI constructs
configure:5282: result: yes
configure:5286: checking whether the shell understands "+="
configure:5292: result: yes
configure:5327: checking how to convert x86_64-apple-darwin18.7.0 file names to x86_64-apple-darwin18.7.0 format
configure:5367: result: func_convert_file_noop
configure:5374: checking how to convert x86_64-apple-darwin18.7.0 file names to toolchain format
configure:5394: result: func_convert_file_noop
configure:5401: checking for /Library/Developer/CommandLineTools/usr/bin/ld option to reload object files
configure:5408: result: -r
configure:5482: checking for objdump
configure:5498: found /usr/bin/objdump
configure:5509: result: objdump
configure:5541: checking how to recognize dependent libraries
configure:5743: result: pass_all
configure:5828: checking for dlltool
configure:5858: result: no
configure:5888: checking how to associate runtime and link libraries
configure:5915: result: printf %s\n
configure:5976: checking for ar
configure:5992: found /usr/bin/ar
configure:6003: result: ar
configure:6040: checking for archiver @FILE support
configure:6057: cc -c -g -O2  conftest.c >&5
configure:6057: $? = 0
configure:6060: ar cru libconftest.a @conftest.lst >&5
ar: @conftest.lst: No such file or directory
configure:6063: $? = 1
configure:6083: result: no
configure:6141: checking for strip
configure:6157: found /usr/bin/strip
configure:6168: result: strip
configure:6240: checking for ranlib
configure:6256: found /usr/bin/ranlib
configure:6267: result: ranlib
configure:6369: checking command to parse /usr/bin/nm -B output from cc object
configure:6489: cc -c -g -O2  conftest.c >&5
configure:6492: $? = 0
configure:6496: /usr/bin/nm -B conftest.o \| sed -n -e 's/^.*[ ]\([BCDEGRST][BCDEGRST]*\)[ ][ ]*\([_A-Za-z][_A-Za-z0-9]*\)$/\1 \2 \2/p' | sed '/ __gnu_lto/d' \> conftest.nm
configure:6499: $? = 0
cannot find nm_test_var in conftest.nm
configure:6489: cc -c -g -O2  conftest.c >&5
configure:6492: $? = 0
configure:6496: /usr/bin/nm -B conftest.o \| sed -n -e 's/^.*[ ]\([BCDEGRST][BCDEGRST]*\)[ ][ ]*_\([_A-Za-z][_A-Za-z0-9]*\)$/\1 _\2 \2/p' | sed '/ __gnu_lto/d' \> conftest.nm
configure:6499: $? = 0
configure:6565: cc -o conftest -g -O2   conftest.c conftstm.o >&5
warning: (x86_64)  could not find object file symbol for symbol _main
configure:6568: $? = 0
configure:6606: result: ok
configure:6643: checking for sysroot
configure:6673: result: no
configure:6929: checking for mt
configure:6959: result: no
configure:6979: checking if : is a manifest tool
configure:6985: : '-?'
configure:6993: result: no
configure:7049: checking for dsymutil
configure:7065: found /usr/bin/dsymutil
configure:7076: result: dsymutil
configure:7141: checking for nmedit
configure:7157: found /usr/bin/nmedit
configure:7168: result: nmedit
configure:7233: checking for lipo
configure:7249: found /usr/bin/lipo
configure:7260: result: lipo
configure:7325: checking for otool
configure:7341: found /usr/bin/otool
configure:7352: result: otool
configure:7417: checking for otool64
configure:7447: result: no
configure:7492: checking for -single_module linker flag
cc -g -O2  -o libconftest.dylib -dynamiclib -Wl,-single_module conftest.c
configure:7525: result: yes
configure:7528: checking for -exported_symbols_list linker flag
configure:7548: cc -o conftest -g -O2   -Wl,-exported_symbols_list,conftest.sym conftest.c  >&5
configure:7548: $? = 0
configure:7558: result: yes
configure:7561: checking for -force_load linker flag
cc -g -O2 -c -o conftest.o conftest.c
ar cru libconftest.a conftest.o
ranlib libconftest.a
cc -g -O2  -o conftest conftest.c -Wl,-force_load,./libconftest.a
configure:7593: result: yes
configure:7635: checking how to run the C preprocessor
configure:7666: cc -E  conftest.c
configure:7666: $? = 0
configure:7680: cc -E  conftest.c
conftest.c:11:10: fatal error: 'ac_nonexistent.h' file not found
#include <ac_nonexistent.h>
         ^~~~~~~~~~~~~~~~~~
1 error generated.
configure:7680: $? = 1
configure: failed program was:
| /* confdefs.h */
| #define PACKAGE_NAME "libressl"
| #define PACKAGE_TARNAME "libressl"
| #define PACKAGE_VERSION "3.2.0"
| #define PACKAGE_STRING "libressl 3.2.0"
| #define PACKAGE_BUGREPORT ""
| #define PACKAGE_URL ""
| #define PACKAGE "libressl"
| #define VERSION "3.2.0"
| /* end confdefs.h.  */
| #include <ac_nonexistent.h>
configure:7705: result: cc -E
configure:7725: cc -E  conftest.c
configure:7725: $? = 0
configure:7739: cc -E  conftest.c
conftest.c:11:10: fatal error: 'ac_nonexistent.h' file not found
#include <ac_nonexistent.h>
         ^~~~~~~~~~~~~~~~~~
1 error generated.
configure:7739: $? = 1
configure: failed program was:
| /* confdefs.h */
| #define PACKAGE_NAME "libressl"
| #define PACKAGE_TARNAME "libressl"
| #define PACKAGE_VERSION "3.2.0"
| #define PACKAGE_STRING "libressl 3.2.0"
| #define PACKAGE_BUGREPORT ""
| #define PACKAGE_URL ""
| #define PACKAGE "libressl"
| #define VERSION "3.2.0"
| /* end confdefs.h.  */
| #include <ac_nonexistent.h>
configure:7768: checking for ANSI C header files
configure:7788: cc -c -g -O2  conftest.c >&5
configure:7788: $? = 0
configure:7861: cc -o conftest -g -O2   conftest.c  >&5
configure:7861: $? = 0
configure:7861: ./conftest
configure:7861: $? = 0
configure:7872: result: yes
configure:7885: checking for sys/types.h
configure:7885: cc -c -g -O2  conftest.c >&5
configure:7885: $? = 0
configure:7885: result: yes
configure:7885: checking for sys/stat.h
configure:7885: cc -c -g -O2  conftest.c >&5
configure:7885: $? = 0
configure:7885: result: yes
configure:7885: checking for stdlib.h
configure:7885: cc -c -g -O2  conftest.c >&5
configure:7885: $? = 0
configure:7885: result: yes
configure:7885: checking for string.h
configure:7885: cc -c -g -O2  conftest.c >&5
configure:7885: $? = 0
configure:7885: result: yes
configure:7885: checking for memory.h
configure:7885: cc -c -g -O2  conftest.c >&5
configure:7885: $? = 0
configure:7885: result: yes
configure:7885: checking for strings.h
configure:7885: cc -c -g -O2  conftest.c >&5
configure:7885: $? = 0
configure:7885: result: yes
configure:7885: checking for inttypes.h
configure:7885: cc -c -g -O2  conftest.c >&5
configure:7885: $? = 0
configure:7885: result: yes
configure:7885: checking for stdint.h
configure:7885: cc -c -g -O2  conftest.c >&5
configure:7885: $? = 0
configure:7885: result: yes
configure:7885: checking for unistd.h
configure:7885: cc -c -g -O2  conftest.c >&5
configure:7885: $? = 0
configure:7885: result: yes
configure:7899: checking for dlfcn.h
configure:7899: cc -c -g -O2  conftest.c >&5
configure:7899: $? = 0
configure:7899: result: yes
configure:8105: checking for objdir
configure:8120: result: .libs
configure:8391: checking if cc supports -fno-rtti -fno-exceptions
configure:8409: cc -c -g -O2  -fno-rtti -fno-exceptions conftest.c >&5
configure:8413: $? = 0
configure:8426: result: yes
configure:8753: checking for cc option to produce PIC
configure:8760: result: -fno-common -DPIC
configure:8768: checking if cc PIC flag -fno-common -DPIC works
configure:8786: cc -c -g -O2  -fno-common -DPIC -DPIC conftest.c >&5
configure:8790: $? = 0
configure:8803: result: yes
configure:8832: checking if cc static flag -static works
configure:8860: result: no
configure:8875: checking if cc supports -c -o file.o
configure:8896: cc -c -g -O2  -o out/conftest2.o conftest.c >&5
configure:8900: $? = 0
configure:8922: result: yes
configure:8930: checking if cc supports -c -o file.o
configure:8977: result: yes
configure:9010: checking whether the cc linker (/Library/Developer/CommandLineTools/usr/bin/ld) supports shared libraries
configure:10163: result: yes
configure:10403: checking dynamic linker characteristics
configure:11136: result: darwin18.7.0 dyld
configure:11243: checking how to hardcode library paths into programs
configure:11268: result: immediate
configure:11808: checking whether stripping libraries is possible
configure:11822: result: yes
configure:11848: checking if libtool supports shared libraries
configure:11850: result: yes
configure:11853: checking whether to build shared libraries
configure:11874: result: yes
configure:11877: checking whether to build static libraries
configure:11881: result: yes
configure:11983: cc -c -g -O2 -Wall -std=gnu99 -fno-strict-aliasing  conftest.c >&5
configure:11983: $? = 0
configure:11990: checking whether to use builtin arc4random
configure:11992: result: no
configure:11995: checking arpa/telnet.h usability
configure:11995: cc -c -g -O2 -Wall -std=gnu99 -fno-strict-aliasing  conftest.c >&5
configure:11995: $? = 0
configure:11995: result: yes
configure:11995: checking arpa/telnet.h presence
configure:11995: cc -E  conftest.c
configure:11995: $? = 0
configure:11995: result: yes
configure:11995: checking for arpa/telnet.h
configure:11995: result: yes
configure:12232: checking if cc supports "-fno-strict-overflow"
configure:12249: ./scripts/wrap-compiler-for-flag-check cc -o conftest -fno-strict-overflow -Wall -Werror   conftest.c  >&5

configure:12249: $? = 0
configure:12250: result: yes
configure:12267: checking if cc supports "-D_FORTIFY_SOURCE=2"
configure:12284: ./scripts/wrap-compiler-for-flag-check cc -o conftest -D_FORTIFY_SOURCE=2 -Wall -Werror   conftest.c  >&5

configure:12284: $? = 0
configure:12285: result: yes
configure:12302: checking if /Library/Developer/CommandLineTools/usr/bin/ld supports "-Wl,-z,relro"
configure:12319: ./scripts/wrap-compiler-for-flag-check cc -o conftest -g -O2 -Wall -std=gnu99 -fno-strict-aliasing  -Wl,-z,relro -Wall -Werror conftest.c  >&5
ld: unknown option: -z
clang: error: linker command failed with exit code 1 (use -v to see invocation)
configure:12319: $? = 1
configure: failed program was:
| /* confdefs.h */
| #define PACKAGE_NAME "libressl"
| #define PACKAGE_TARNAME "libressl"
| #define PACKAGE_VERSION "3.2.0"
| #define PACKAGE_STRING "libressl 3.2.0"
| #define PACKAGE_BUGREPORT ""
| #define PACKAGE_URL ""
| #define PACKAGE "libressl"
| #define VERSION "3.2.0"
| #define STDC_HEADERS 1
| #define HAVE_SYS_TYPES_H 1
| #define HAVE_SYS_STAT_H 1
| #define HAVE_STDLIB_H 1
| #define HAVE_STRING_H 1
| #define HAVE_MEMORY_H 1
| #define HAVE_STRINGS_H 1
| #define HAVE_INTTYPES_H 1
| #define HAVE_STDINT_H 1
| #define HAVE_UNISTD_H 1
| #define HAVE_DLFCN_H 1
| #define LT_OBJDIR ".libs/"
| /* end confdefs.h.  */
| 
| 		      #include <stdio.h>
| 
| int
| main ()
| {
| printf("Hello")
|   ;
|   return 0;
| }
configure:12325: result: no
configure:12335: checking if /Library/Developer/CommandLineTools/usr/bin/ld supports "-Wl,-z,now"
configure:12352: ./scripts/wrap-compiler-for-flag-check cc -o conftest -g -O2 -Wall -std=gnu99 -fno-strict-aliasing  -Wl,-z,now -Wall -Werror conftest.c  >&5
ld: unknown option: -z
clang: error: linker command failed with exit code 1 (use -v to see invocation)
configure:12352: $? = 1
configure: failed program was:
| /* confdefs.h */
| #define PACKAGE_NAME "libressl"
| #define PACKAGE_TARNAME "libressl"
| #define PACKAGE_VERSION "3.2.0"
| #define PACKAGE_STRING "libressl 3.2.0"
| #define PACKAGE_BUGREPORT ""
| #define PACKAGE_URL ""
| #define PACKAGE "libressl"
| #define VERSION "3.2.0"
| #define STDC_HEADERS 1
| #define HAVE_SYS_TYPES_H 1
| #define HAVE_SYS_STAT_H 1
| #define HAVE_STDLIB_H 1
| #define HAVE_STRING_H 1
| #define HAVE_MEMORY_H 1
| #define HAVE_STRINGS_H 1
| #define HAVE_INTTYPES_H 1
| #define HAVE_STDINT_H 1
| #define HAVE_UNISTD_H 1
| #define HAVE_DLFCN_H 1
| #define LT_OBJDIR ".libs/"
| /* end confdefs.h.  */
| 
| 		      #include <stdio.h>
| 
| int
| main ()
| {
| printf("Hello")
|   ;
|   return 0;
| }
configure:12358: result: no
configure:12478: checking if cc supports "-fstack-protector-strong"
configure:12495: ./scripts/wrap-compiler-for-flag-check cc -o conftest -fstack-protector-strong -Wall -Werror   conftest.c  >&5

configure:12495: $? = 0
configure:12496: result: yes
configure:12620: checking whether AS supports .note.GNU-stack
configure:12634: cc -c   conftest.c >&5
<inline asm>:1:19: error: unexpected token in '.section' directive
.section .note.GNU-stack,"",@progbits
                  ^
1 error generated.
configure:12634: $? = 1
configure: failed program was:
| /* confdefs.h */
| #define PACKAGE_NAME "libressl"
| #define PACKAGE_TARNAME "libressl"
| #define PACKAGE_VERSION "3.2.0"
| #define PACKAGE_STRING "libressl 3.2.0"
| #define PACKAGE_BUGREPORT ""
| #define PACKAGE_URL ""
| #define PACKAGE "libressl"
| #define VERSION "3.2.0"
| #define STDC_HEADERS 1
| #define HAVE_SYS_TYPES_H 1
| #define HAVE_SYS_STAT_H 1
| #define HAVE_STDLIB_H 1
| #define HAVE_STRING_H 1
| #define HAVE_MEMORY_H 1
| #define HAVE_STRINGS_H 1
| #define HAVE_INTTYPES_H 1
| #define HAVE_STDINT_H 1
| #define HAVE_UNISTD_H 1
| #define HAVE_DLFCN_H 1
| #define LT_OBJDIR ".libs/"
| /* end confdefs.h.  */
| 
| 	__asm__(".section .note.GNU-stack,\"\",@progbits");
| int
| main ()
| {
| 
|   ;
|   return 0;
| }
configure:12639: result: no
configure:12655: checking dependency style of cc
configure:12764: result: gcc3
configure:12783: checking if compiling with clang
configure:12800: cc -c -g -O2 -Wall -std=gnu99 -fno-strict-aliasing  -fno-strict-overflow -D_FORTIFY_SOURCE=2 -fstack-protector-strong   conftest.c >&5
configure:12800: $? = 0
configure:12807: result: yes
configure:12819: checking whether CC supports -Wno-pointer-sign
configure:12832: cc -c -Wno-pointer-sign  conftest.c >&5
configure:12832: $? = 0
configure:12833: result: yes
configure:12848: checking for symlink
configure:12848: cc -o conftest -g -O2 -Wall -std=gnu99 -fno-strict-aliasing  -fno-strict-overflow -D_FORTIFY_SOURCE=2 -fstack-protector-strong  -Qunused-arguments -Wno-pointer-sign    -Qunused-arguments conftest.c  >&5
configure:12848: $? = 0
configure:12848: result: yes
configure:12867: checking for funopen
configure:12867: cc -o conftest -g -O2 -Wall -std=gnu99 -fno-strict-aliasing  -fno-strict-overflow -D_FORTIFY_SOURCE=2 -fstack-protector-strong  -Qunused-arguments -Wno-pointer-sign    -Qunused-arguments conftest.c  >&5
configure:12867: $? = 0
configure:12867: result: yes
configure:12878: checking err.h usability
configure:12878: cc -c -g -O2 -Wall -std=gnu99 -fno-strict-aliasing  -fno-strict-overflow -D_FORTIFY_SOURCE=2 -fstack-protector-strong  -Qunused-arguments -Wno-pointer-sign  conftest.c >&5
configure:12878: $? = 0
configure:12878: result: yes
configure:12878: checking err.h presence
configure:12878: cc -E  conftest.c
configure:12878: $? = 0
configure:12878: result: yes
configure:12878: checking for err.h
configure:12878: result: yes
configure:12878: checking readpassphrase.h usability
configure:12878: cc -c -g -O2 -Wall -std=gnu99 -fno-strict-aliasing  -fno-strict-overflow -D_FORTIFY_SOURCE=2 -fstack-protector-strong  -Qunused-arguments -Wno-pointer-sign  conftest.c >&5
configure:12878: $? = 0
configure:12878: result: yes
configure:12878: checking readpassphrase.h presence
configure:12878: cc -E  conftest.c
configure:12878: $? = 0
configure:12878: result: yes
configure:12878: checking for readpassphrase.h
configure:12878: result: yes
configure:12892: checking for asprintf
configure:12892: cc -o conftest -g -O2 -Wall -std=gnu99 -fno-strict-aliasing  -fno-strict-overflow -D_FORTIFY_SOURCE=2 -fstack-protector-strong  -Qunused-arguments -Wno-pointer-sign    -Qunused-arguments conftest.c  >&5
conftest.c:60:18: warning: format string missing [-Wformat]
return asprintf ();
       ~~~~~~~~  ^
1 warning generated.
configure:12892: $? = 0
configure:12892: result: yes
configure:12892: checking for freezero
configure:12892: cc -o conftest -g -O2 -Wall -std=gnu99 -fno-strict-aliasing  -fno-strict-overflow -D_FORTIFY_SOURCE=2 -fstack-protector-strong  -Qunused-arguments -Wno-pointer-sign    -Qunused-arguments conftest.c  >&5
Undefined symbols for architecture x86_64:
  "_freezero", referenced from:
      _main in conftest-de947c.o
ld: symbol(s) not found for architecture x86_64
clang: error: linker command failed with exit code 1 (use -v to see invocation)
configure:12892: $? = 1
configure: failed program was:
| /* confdefs.h */
| #define PACKAGE_NAME "libressl"
| #define PACKAGE_TARNAME "libressl"
| #define PACKAGE_VERSION "3.2.0"
| #define PACKAGE_STRING "libressl 3.2.0"
| #define PACKAGE_BUGREPORT ""
| #define PACKAGE_URL ""
| #define PACKAGE "libressl"
| #define VERSION "3.2.0"
| #define STDC_HEADERS 1
| #define HAVE_SYS_TYPES_H 1
| #define HAVE_SYS_STAT_H 1
| #define HAVE_STDLIB_H 1
| #define HAVE_STRING_H 1
| #define HAVE_MEMORY_H 1
| #define HAVE_STRINGS_H 1
| #define HAVE_INTTYPES_H 1
| #define HAVE_STDINT_H 1
| #define HAVE_UNISTD_H 1
| #define HAVE_DLFCN_H 1
| #define LT_OBJDIR ".libs/"
| #define HAVE_SYMLINK 1
| #define HAVE_ERR_H 1
| #define HAVE_READPASSPHRASE_H 1
| #define HAVE_ASPRINTF 1
| /* end confdefs.h.  */
| /* Define freezero to an innocuous variant, in case <limits.h> declares freezero.
|    For example, HP-UX 11i <limits.h> declares gettimeofday.  */
| #define freezero innocuous_freezero
| 
| /* System header to define __stub macros and hopefully few prototypes,
|     which can conflict with char freezero (); below.
|     Prefer <limits.h> to <assert.h> if __STDC__ is defined, since
|     <limits.h> exists even on freestanding compilers.  */
| 
| #ifdef __STDC__
| # include <limits.h>
| #else
| # include <assert.h>
| #endif
| 
| #undef freezero
| 
| /* Override any GCC internal prototype to avoid an error.
|    Use char because int might match the return type of a GCC
|    builtin and then its argument prototype would still apply.  */
| #ifdef __cplusplus
| extern "C"
| #endif
| char freezero ();
| /* The GNU C library defines this for functions which it implements
|     to always fail with ENOSYS.  Some functions are actually named
|     something starting with __ and the normal name is an alias.  */
| #if defined __stub_freezero || defined __stub___freezero
| choke me
| #endif
| 
| int
| main ()
| {
| return freezero ();
|   ;
|   return 0;
| }
configure:12892: result: no
configure:12892: checking for memmem
configure:12892: cc -o conftest -g -O2 -Wall -std=gnu99 -fno-strict-aliasing  -fno-strict-overflow -D_FORTIFY_SOURCE=2 -fstack-protector-strong  -Qunused-arguments -Wno-pointer-sign    -Qunused-arguments conftest.c  >&5
configure:12892: $? = 0
configure:12892: result: yes
configure:12904: checking for readpassphrase
configure:12904: cc -o conftest -g -O2 -Wall -std=gnu99 -fno-strict-aliasing  -fno-strict-overflow -D_FORTIFY_SOURCE=2 -fstack-protector-strong  -Qunused-arguments -Wno-pointer-sign    -Qunused-arguments conftest.c  >&5
configure:12904: $? = 0
configure:12904: result: yes
configure:12904: checking for reallocarray
configure:12904: cc -o conftest -g -O2 -Wall -std=gnu99 -fno-strict-aliasing  -fno-strict-overflow -D_FORTIFY_SOURCE=2 -fstack-protector-strong  -Qunused-arguments -Wno-pointer-sign    -Qunused-arguments conftest.c  >&5
Undefined symbols for architecture x86_64:
  "_reallocarray", referenced from:
      _main in conftest-e827d4.o
ld: symbol(s) not found for architecture x86_64
clang: error: linker command failed with exit code 1 (use -v to see invocation)
configure:12904: $? = 1
configure: failed program was:
| /* confdefs.h */
| #define PACKAGE_NAME "libressl"
| #define PACKAGE_TARNAME "libressl"
| #define PACKAGE_VERSION "3.2.0"
| #define PACKAGE_STRING "libressl 3.2.0"
| #define PACKAGE_BUGREPORT ""
| #define PACKAGE_URL ""
| #define PACKAGE "libressl"
| #define VERSION "3.2.0"
| #define STDC_HEADERS 1
| #define HAVE_SYS_TYPES_H 1
| #define HAVE_SYS_STAT_H 1
| #define HAVE_STDLIB_H 1
| #define HAVE_STRING_H 1
| #define HAVE_MEMORY_H 1
| #define HAVE_STRINGS_H 1
| #define HAVE_INTTYPES_H 1
| #define HAVE_STDINT_H 1
| #define HAVE_UNISTD_H 1
| #define HAVE_DLFCN_H 1
| #define LT_OBJDIR ".libs/"
| #define HAVE_SYMLINK 1
| #define HAVE_ERR_H 1
| #define HAVE_READPASSPHRASE_H 1
| #define HAVE_ASPRINTF 1
| #define HAVE_MEMMEM 1
| #define HAVE_READPASSPHRASE 1
| /* end confdefs.h.  */
| /* Define reallocarray to an innocuous variant, in case <limits.h> declares reallocarray.
|    For example, HP-UX 11i <limits.h> declares gettimeofday.  */
| #define reallocarray innocuous_reallocarray
| 
| /* System header to define __stub macros and hopefully few prototypes,
|     which can conflict with char reallocarray (); below.
|     Prefer <limits.h> to <assert.h> if __STDC__ is defined, since
|     <limits.h> exists even on freestanding compilers.  */
| 
| #ifdef __STDC__
| # include <limits.h>
| #else
| # include <assert.h>
| #endif
| 
| #undef reallocarray
| 
| /* Override any GCC internal prototype to avoid an error.
|    Use char because int might match the return type of a GCC
|    builtin and then its argument prototype would still apply.  */
| #ifdef __cplusplus
| extern "C"
| #endif
| char reallocarray ();
| /* The GNU C library defines this for functions which it implements
|     to always fail with ENOSYS.  Some functions are actually named
|     something starting with __ and the normal name is an alias.  */
| #if defined __stub_reallocarray || defined __stub___reallocarray
| choke me
| #endif
| 
| int
| main ()
| {
| return reallocarray ();
|   ;
|   return 0;
| }
configure:12904: result: no
configure:12904: checking for recallocarray
configure:12904: cc -o conftest -g -O2 -Wall -std=gnu99 -fno-strict-aliasing  -fno-strict-overflow -D_FORTIFY_SOURCE=2 -fstack-protector-strong  -Qunused-arguments -Wno-pointer-sign    -Qunused-arguments conftest.c  >&5
Undefined symbols for architecture x86_64:
  "_recallocarray", referenced from:
      _main in conftest-657911.o
ld: symbol(s) not found for architecture x86_64
clang: error: linker command failed with exit code 1 (use -v to see invocation)
configure:12904: $? = 1
configure: failed program was:
| /* confdefs.h */
| #define PACKAGE_NAME "libressl"
| #define PACKAGE_TARNAME "libressl"
| #define PACKAGE_VERSION "3.2.0"
| #define PACKAGE_STRING "libressl 3.2.0"
| #define PACKAGE_BUGREPORT ""
| #define PACKAGE_URL ""
| #define PACKAGE "libressl"
| #define VERSION "3.2.0"
| #define STDC_HEADERS 1
| #define HAVE_SYS_TYPES_H 1
| #define HAVE_SYS_STAT_H 1
| #define HAVE_STDLIB_H 1
| #define HAVE_STRING_H 1
| #define HAVE_MEMORY_H 1
| #define HAVE_STRINGS_H 1
| #define HAVE_INTTYPES_H 1
| #define HAVE_STDINT_H 1
| #define HAVE_UNISTD_H 1
| #define HAVE_DLFCN_H 1
| #define LT_OBJDIR ".libs/"
| #define HAVE_SYMLINK 1
| #define HAVE_ERR_H 1
| #define HAVE_READPASSPHRASE_H 1
| #define HAVE_ASPRINTF 1
| #define HAVE_MEMMEM 1
| #define HAVE_READPASSPHRASE 1
| /* end confdefs.h.  */
| /* Define recallocarray to an innocuous variant, in case <limits.h> declares recallocarray.
|    For example, HP-UX 11i <limits.h> declares gettimeofday.  */
| #define recallocarray innocuous_recallocarray
| 
| /* System header to define __stub macros and hopefully few prototypes,
|     which can conflict with char recallocarray (); below.
|     Prefer <limits.h> to <assert.h> if __STDC__ is defined, since
|     <limits.h> exists even on freestanding compilers.  */
| 
| #ifdef __STDC__
| # include <limits.h>
| #else
| # include <assert.h>
| #endif
| 
| #undef recallocarray
| 
| /* Override any GCC internal prototype to avoid an error.
|    Use char because int might match the return type of a GCC
|    builtin and then its argument prototype would still apply.  */
| #ifdef __cplusplus
| extern "C"
| #endif
| char recallocarray ();
| /* The GNU C library defines this for functions which it implements
|     to always fail with ENOSYS.  Some functions are actually named
|     something starting with __ and the normal name is an alias.  */
| #if defined __stub_recallocarray || defined __stub___recallocarray
| choke me
| #endif
| 
| int
| main ()
| {
| return recallocarray ();
|   ;
|   return 0;
| }
configure:12904: result: no
configure:12916: checking for strlcat
configure:12916: cc -o conftest -g -O2 -Wall -std=gnu99 -fno-strict-aliasing  -fno-strict-overflow -D_FORTIFY_SOURCE=2 -fstack-protector-strong  -Qunused-arguments -Wno-pointer-sign    -Qunused-arguments conftest.c  >&5
conftest.c:52:6: warning: incompatible redeclaration of library function 'strlcat' [-Wincompatible-library-redeclaration]
char strlcat ();
     ^
conftest.c:52:6: note: 'strlcat' is a builtin with type 'unsigned long (char *, const char *, unsigned long)'
1 warning generated.
configure:12916: $? = 0
configure:12916: result: yes
configure:12916: checking for strlcpy
configure:12916: cc -o conftest -g -O2 -Wall -std=gnu99 -fno-strict-aliasing  -fno-strict-overflow -D_FORTIFY_SOURCE=2 -fstack-protector-strong  -Qunused-arguments -Wno-pointer-sign    -Qunused-arguments conftest.c  >&5
conftest.c:53:6: warning: incompatible redeclaration of library function 'strlcpy' [-Wincompatible-library-redeclaration]
char strlcpy ();
     ^
conftest.c:53:6: note: 'strlcpy' is a builtin with type 'unsigned long (char *, const char *, unsigned long)'
1 warning generated.
configure:12916: $? = 0
configure:12916: result: yes
configure:12916: checking for strndup
configure:12916: cc -o conftest -g -O2 -Wall -std=gnu99 -fno-strict-aliasing  -fno-strict-overflow -D_FORTIFY_SOURCE=2 -fstack-protector-strong  -Qunused-arguments -Wno-pointer-sign    -Qunused-arguments conftest.c  >&5
conftest.c:54:6: warning: incompatible redeclaration of library function 'strndup' [-Wincompatible-library-redeclaration]
char strndup ();
     ^
conftest.c:54:6: note: 'strndup' is a builtin with type 'char *(const char *, unsigned long)'
1 warning generated.
configure:12916: $? = 0
configure:12916: result: yes
configure:12916: checking for strnlen
configure:12916: cc -o conftest -g -O2 -Wall -std=gnu99 -fno-strict-aliasing  -fno-strict-overflow -D_FORTIFY_SOURCE=2 -fstack-protector-strong  -Qunused-arguments -Wno-pointer-sign    -Qunused-arguments conftest.c  >&5
configure:12916: $? = 0
configure:12916: result: yes
configure:12916: checking for strsep
configure:12916: cc -o conftest -g -O2 -Wall -std=gnu99 -fno-strict-aliasing  -fno-strict-overflow -D_FORTIFY_SOURCE=2 -fstack-protector-strong  -Qunused-arguments -Wno-pointer-sign    -Qunused-arguments conftest.c  >&5
configure:12916: $? = 0
configure:12916: result: yes
configure:12916: checking for strtonum
configure:12916: cc -o conftest -g -O2 -Wall -std=gnu99 -fno-strict-aliasing  -fno-strict-overflow -D_FORTIFY_SOURCE=2 -fstack-protector-strong  -Qunused-arguments -Wno-pointer-sign    -Qunused-arguments conftest.c  >&5
Undefined symbols for architecture x86_64:
  "_strtonum", referenced from:
      _main in conftest-4ba1d1.o
ld: symbol(s) not found for architecture x86_64
clang: error: linker command failed with exit code 1 (use -v to see invocation)
configure:12916: $? = 1
configure: failed program was:
| /* confdefs.h */
| #define PACKAGE_NAME "libressl"
| #define PACKAGE_TARNAME "libressl"
| #define PACKAGE_VERSION "3.2.0"
| #define PACKAGE_STRING "libressl 3.2.0"
| #define PACKAGE_BUGREPORT ""
| #define PACKAGE_URL ""
| #define PACKAGE "libressl"
| #define VERSION "3.2.0"
| #define STDC_HEADERS 1
| #define HAVE_SYS_TYPES_H 1
| #define HAVE_SYS_STAT_H 1
| #define HAVE_STDLIB_H 1
| #define HAVE_STRING_H 1
| #define HAVE_MEMORY_H 1
| #define HAVE_STRINGS_H 1
| #define HAVE_INTTYPES_H 1
| #define HAVE_STDINT_H 1
| #define HAVE_UNISTD_H 1
| #define HAVE_DLFCN_H 1
| #define LT_OBJDIR ".libs/"
| #define HAVE_SYMLINK 1
| #define HAVE_ERR_H 1
| #define HAVE_READPASSPHRASE_H 1
| #define HAVE_ASPRINTF 1
| #define HAVE_MEMMEM 1
| #define HAVE_READPASSPHRASE 1
| #define HAVE_STRLCAT 1
| #define HAVE_STRLCPY 1
| #define HAVE_STRNDUP 1
| #define HAVE_STRNLEN 1
| #define HAVE_STRSEP 1
| /* end confdefs.h.  */
| /* Define strtonum to an innocuous variant, in case <limits.h> declares strtonum.
|    For example, HP-UX 11i <limits.h> declares gettimeofday.  */
| #define strtonum innocuous_strtonum
| 
| /* System header to define __stub macros and hopefully few prototypes,
|     which can conflict with char strtonum (); below.
|     Prefer <limits.h> to <assert.h> if __STDC__ is defined, since
|     <limits.h> exists even on freestanding compilers.  */
| 
| #ifdef __STDC__
| # include <limits.h>
| #else
| # include <assert.h>
| #endif
| 
| #undef strtonum
| 
| /* Override any GCC internal prototype to avoid an error.
|    Use char because int might match the return type of a GCC
|    builtin and then its argument prototype would still apply.  */
| #ifdef __cplusplus
| extern "C"
| #endif
| char strtonum ();
| /* The GNU C library defines this for functions which it implements
|     to always fail with ENOSYS.  Some functions are actually named
|     something starting with __ and the normal name is an alias.  */
| #if defined __stub_strtonum || defined __stub___strtonum
| choke me
| #endif
| 
| int
| main ()
| {
| return strtonum ();
|   ;
|   return 0;
| }
configure:12916: result: no
configure:12928: checking for timegm
configure:12928: cc -o conftest -g -O2 -Wall -std=gnu99 -fno-strict-aliasing  -fno-strict-overflow -D_FORTIFY_SOURCE=2 -fstack-protector-strong  -Qunused-arguments -Wno-pointer-sign    -Qunused-arguments conftest.c  >&5
configure:12928: $? = 0
configure:12928: result: yes
configure:12928: checking for _mkgmtime
configure:12928: cc -o conftest -g -O2 -Wall -std=gnu99 -fno-strict-aliasing  -fno-strict-overflow -D_FORTIFY_SOURCE=2 -fstack-protector-strong  -Qunused-arguments -Wno-pointer-sign    -Qunused-arguments conftest.c  >&5
Undefined symbols for architecture x86_64:
  "__mkgmtime", referenced from:
      _main in conftest-e87937.o
ld: symbol(s) not found for architecture x86_64
clang: error: linker command failed with exit code 1 (use -v to see invocation)
configure:12928: $? = 1
configure: failed program was:
| /* confdefs.h */
| #define PACKAGE_NAME "libressl"
| #define PACKAGE_TARNAME "libressl"
| #define PACKAGE_VERSION "3.2.0"
| #define PACKAGE_STRING "libressl 3.2.0"
| #define PACKAGE_BUGREPORT ""
| #define PACKAGE_URL ""
| #define PACKAGE "libressl"
| #define VERSION "3.2.0"
| #define STDC_HEADERS 1
| #define HAVE_SYS_TYPES_H 1
| #define HAVE_SYS_STAT_H 1
| #define HAVE_STDLIB_H 1
| #define HAVE_STRING_H 1
| #define HAVE_MEMORY_H 1
| #define HAVE_STRINGS_H 1
| #define HAVE_INTTYPES_H 1
| #define HAVE_STDINT_H 1
| #define HAVE_UNISTD_H 1
| #define HAVE_DLFCN_H 1
| #define LT_OBJDIR ".libs/"
| #define HAVE_SYMLINK 1
| #define HAVE_ERR_H 1
| #define HAVE_READPASSPHRASE_H 1
| #define HAVE_ASPRINTF 1
| #define HAVE_MEMMEM 1
| #define HAVE_READPASSPHRASE 1
| #define HAVE_STRLCAT 1
| #define HAVE_STRLCPY 1
| #define HAVE_STRNDUP 1
| #define HAVE_STRNLEN 1
| #define HAVE_STRSEP 1
| #define HAVE_TIMEGM 1
| /* end confdefs.h.  */
| /* Define _mkgmtime to an innocuous variant, in case <limits.h> declares _mkgmtime.
|    For example, HP-UX 11i <limits.h> declares gettimeofday.  */
| #define _mkgmtime innocuous__mkgmtime
| 
| /* System header to define __stub macros and hopefully few prototypes,
|     which can conflict with char _mkgmtime (); below.
|     Prefer <limits.h> to <assert.h> if __STDC__ is defined, since
|     <limits.h> exists even on freestanding compilers.  */
| 
| #ifdef __STDC__
| # include <limits.h>
| #else
| # include <assert.h>
| #endif
| 
| #undef _mkgmtime
| 
| /* Override any GCC internal prototype to avoid an error.
|    Use char because int might match the return type of a GCC
|    builtin and then its argument prototype would still apply.  */
| #ifdef __cplusplus
| extern "C"
| #endif
| char _mkgmtime ();
| /* The GNU C library defines this for functions which it implements
|     to always fail with ENOSYS.  Some functions are actually named
|     something starting with __ and the normal name is an alias.  */
| #if defined __stub__mkgmtime || defined __stub____mkgmtime
| choke me
| #endif
| 
| int
| main ()
| {
| return _mkgmtime ();
|   ;
|   return 0;
| }
configure:12928: result: no
configure:12928: checking for timespecsub
configure:12928: cc -o conftest -g -O2 -Wall -std=gnu99 -fno-strict-aliasing  -fno-strict-overflow -D_FORTIFY_SOURCE=2 -fstack-protector-strong  -Qunused-arguments -Wno-pointer-sign    -Qunused-arguments conftest.c  >&5
Undefined symbols for architecture x86_64:
  "_timespecsub", referenced from:
      _main in conftest-f74fca.o
ld: symbol(s) not found for architecture x86_64
clang: error: linker command failed with exit code 1 (use -v to see invocation)
configure:12928: $? = 1
configure: failed program was:
| /* confdefs.h */
| #define PACKAGE_NAME "libressl"
| #define PACKAGE_TARNAME "libressl"
| #define PACKAGE_VERSION "3.2.0"
| #define PACKAGE_STRING "libressl 3.2.0"
| #define PACKAGE_BUGREPORT ""
| #define PACKAGE_URL ""
| #define PACKAGE "libressl"
| #define VERSION "3.2.0"
| #define STDC_HEADERS 1
| #define HAVE_SYS_TYPES_H 1
| #define HAVE_SYS_STAT_H 1
| #define HAVE_STDLIB_H 1
| #define HAVE_STRING_H 1
| #define HAVE_MEMORY_H 1
| #define HAVE_STRINGS_H 1
| #define HAVE_INTTYPES_H 1
| #define HAVE_STDINT_H 1
| #define HAVE_UNISTD_H 1
| #define HAVE_DLFCN_H 1
| #define LT_OBJDIR ".libs/"
| #define HAVE_SYMLINK 1
| #define HAVE_ERR_H 1
| #define HAVE_READPASSPHRASE_H 1
| #define HAVE_ASPRINTF 1
| #define HAVE_MEMMEM 1
| #define HAVE_READPASSPHRASE 1
| #define HAVE_STRLCAT 1
| #define HAVE_STRLCPY 1
| #define HAVE_STRNDUP 1
| #define HAVE_STRNLEN 1
| #define HAVE_STRSEP 1
| #define HAVE_TIMEGM 1
| /* end confdefs.h.  */
| /* Define timespecsub to an innocuous variant, in case <limits.h> declares timespecsub.
|    For example, HP-UX 11i <limits.h> declares gettimeofday.  */
| #define timespecsub innocuous_timespecsub
| 
| /* System header to define __stub macros and hopefully few prototypes,
|     which can conflict with char timespecsub (); below.
|     Prefer <limits.h> to <assert.h> if __STDC__ is defined, since
|     <limits.h> exists even on freestanding compilers.  */
| 
| #ifdef __STDC__
| # include <limits.h>
| #else
| # include <assert.h>
| #endif
| 
| #undef timespecsub
| 
| /* Override any GCC internal prototype to avoid an error.
|    Use char because int might match the return type of a GCC
|    builtin and then its argument prototype would still apply.  */
| #ifdef __cplusplus
| extern "C"
| #endif
| char timespecsub ();
| /* The GNU C library defines this for functions which it implements
|     to always fail with ENOSYS.  Some functions are actually named
|     something starting with __ and the normal name is an alias.  */
| #if defined __stub_timespecsub || defined __stub___timespecsub
| choke me
| #endif
| 
| int
| main ()
| {
| return timespecsub ();
|   ;
|   return 0;
| }
configure:12928: result: no
configure:12940: checking for getprogname
configure:12940: cc -o conftest -g -O2 -Wall -std=gnu99 -fno-strict-aliasing  -fno-strict-overflow -D_FORTIFY_SOURCE=2 -fstack-protector-strong  -Qunused-arguments -Wno-pointer-sign    -Qunused-arguments conftest.c  >&5
configure:12940: $? = 0
configure:12940: result: yes
configure:12940: checking for syslog
configure:12940: cc -o conftest -g -O2 -Wall -std=gnu99 -fno-strict-aliasing  -fno-strict-overflow -D_FORTIFY_SOURCE=2 -fstack-protector-strong  -Qunused-arguments -Wno-pointer-sign    -Qunused-arguments conftest.c  >&5
configure:12940: $? = 0
configure:12940: result: yes
configure:12940: checking for syslog_r
configure:12940: cc -o conftest -g -O2 -Wall -std=gnu99 -fno-strict-aliasing  -fno-strict-overflow -D_FORTIFY_SOURCE=2 -fstack-protector-strong  -Qunused-arguments -Wno-pointer-sign    -Qunused-arguments conftest.c  >&5
Undefined symbols for architecture x86_64:
  "_syslog_r", referenced from:
      _main in conftest-909a99.o
ld: symbol(s) not found for architecture x86_64
clang: error: linker command failed with exit code 1 (use -v to see invocation)
configure:12940: $? = 1
configure: failed program was:
| /* confdefs.h */
| #define PACKAGE_NAME "libressl"
| #define PACKAGE_TARNAME "libressl"
| #define PACKAGE_VERSION "3.2.0"
| #define PACKAGE_STRING "libressl 3.2.0"
| #define PACKAGE_BUGREPORT ""
| #define PACKAGE_URL ""
| #define PACKAGE "libressl"
| #define VERSION "3.2.0"
| #define STDC_HEADERS 1
| #define HAVE_SYS_TYPES_H 1
| #define HAVE_SYS_STAT_H 1
| #define HAVE_STDLIB_H 1
| #define HAVE_STRING_H 1
| #define HAVE_MEMORY_H 1
| #define HAVE_STRINGS_H 1
| #define HAVE_INTTYPES_H 1
| #define HAVE_STDINT_H 1
| #define HAVE_UNISTD_H 1
| #define HAVE_DLFCN_H 1
| #define LT_OBJDIR ".libs/"
| #define HAVE_SYMLINK 1
| #define HAVE_ERR_H 1
| #define HAVE_READPASSPHRASE_H 1
| #define HAVE_ASPRINTF 1
| #define HAVE_MEMMEM 1
| #define HAVE_READPASSPHRASE 1
| #define HAVE_STRLCAT 1
| #define HAVE_STRLCPY 1
| #define HAVE_STRNDUP 1
| #define HAVE_STRNLEN 1
| #define HAVE_STRSEP 1
| #define HAVE_TIMEGM 1
| #define HAVE_GETPROGNAME 1
| #define HAVE_SYSLOG 1
| /* end confdefs.h.  */
| /* Define syslog_r to an innocuous variant, in case <limits.h> declares syslog_r.
|    For example, HP-UX 11i <limits.h> declares gettimeofday.  */
| #define syslog_r innocuous_syslog_r
| 
| /* System header to define __stub macros and hopefully few prototypes,
|     which can conflict with char syslog_r (); below.
|     Prefer <limits.h> to <assert.h> if __STDC__ is defined, since
|     <limits.h> exists even on freestanding compilers.  */
| 
| #ifdef __STDC__
| # include <limits.h>
| #else
| # include <assert.h>
| #endif
| 
| #undef syslog_r
| 
| /* Override any GCC internal prototype to avoid an error.
|    Use char because int might match the return type of a GCC
|    builtin and then its argument prototype would still apply.  */
| #ifdef __cplusplus
| extern "C"
| #endif
| char syslog_r ();
| /* The GNU C library defines this for functions which it implements
|     to always fail with ENOSYS.  Some functions are actually named
|     something starting with __ and the normal name is an alias.  */
| #if defined __stub_syslog_r || defined __stub___syslog_r
| choke me
| #endif
| 
| int
| main ()
| {
| return syslog_r ();
|   ;
|   return 0;
| }
configure:12940: result: no
configure:12949: checking for getpagesize
configure:12973: cc -o conftest -g -O2 -Wall -std=gnu99 -fno-strict-aliasing  -fno-strict-overflow -D_FORTIFY_SOURCE=2 -fstack-protector-strong  -Qunused-arguments -Wno-pointer-sign    -Qunused-arguments conftest.c  >&5
conftest.c:47:2: warning: implicit declaration of function 'getpagesize' is invalid in C99 [-Wimplicit-function-declaration]
        getpagesize();
        ^
1 warning generated.
configure:12973: $? = 0
configure:12983: result: yes
configure:13126: checking for accept4
configure:13126: cc -o conftest -g -O2 -Wall -std=gnu99 -fno-strict-aliasing  -fno-strict-overflow -D_FORTIFY_SOURCE=2 -fstack-protector-strong  -Qunused-arguments -Wno-pointer-sign    -Qunused-arguments conftest.c  >&5
Undefined symbols for architecture x86_64:
  "_accept4", referenced from:
      _main in conftest-677a71.o
ld: symbol(s) not found for architecture x86_64
clang: error: linker command failed with exit code 1 (use -v to see invocation)
configure:13126: $? = 1
configure: failed program was:
| /* confdefs.h */
| #define PACKAGE_NAME "libressl"
| #define PACKAGE_TARNAME "libressl"
| #define PACKAGE_VERSION "3.2.0"
| #define PACKAGE_STRING "libressl 3.2.0"
| #define PACKAGE_BUGREPORT ""
| #define PACKAGE_URL ""
| #define PACKAGE "libressl"
| #define VERSION "3.2.0"
| #define STDC_HEADERS 1
| #define HAVE_SYS_TYPES_H 1
| #define HAVE_SYS_STAT_H 1
| #define HAVE_STDLIB_H 1
| #define HAVE_STRING_H 1
| #define HAVE_MEMORY_H 1
| #define HAVE_STRINGS_H 1
| #define HAVE_INTTYPES_H 1
| #define HAVE_STDINT_H 1
| #define HAVE_UNISTD_H 1
| #define HAVE_DLFCN_H 1
| #define LT_OBJDIR ".libs/"
| #define HAVE_SYMLINK 1
| #define HAVE_ERR_H 1
| #define HAVE_READPASSPHRASE_H 1
| #define HAVE_ASPRINTF 1
| #define HAVE_MEMMEM 1
| #define HAVE_READPASSPHRASE 1
| #define HAVE_STRLCAT 1
| #define HAVE_STRLCPY 1
| #define HAVE_STRNDUP 1
| #define HAVE_STRNLEN 1
| #define HAVE_STRSEP 1
| #define HAVE_TIMEGM 1
| #define HAVE_GETPROGNAME 1
| #define HAVE_SYSLOG 1
| /* end confdefs.h.  */
| /* Define accept4 to an innocuous variant, in case <limits.h> declares accept4.
|    For example, HP-UX 11i <limits.h> declares gettimeofday.  */
| #define accept4 innocuous_accept4
| 
| /* System header to define __stub macros and hopefully few prototypes,
|     which can conflict with char accept4 (); below.
|     Prefer <limits.h> to <assert.h> if __STDC__ is defined, since
|     <limits.h> exists even on freestanding compilers.  */
| 
| #ifdef __STDC__
| # include <limits.h>
| #else
| # include <assert.h>
| #endif
| 
| #undef accept4
| 
| /* Override any GCC internal prototype to avoid an error.
|    Use char because int might match the return type of a GCC
|    builtin and then its argument prototype would still apply.  */
| #ifdef __cplusplus
| extern "C"
| #endif
| char accept4 ();
| /* The GNU C library defines this for functions which it implements
|     to always fail with ENOSYS.  Some functions are actually named
|     something starting with __ and the normal name is an alias.  */
| #if defined __stub_accept4 || defined __stub___accept4
| choke me
| #endif
| 
| int
| main ()
| {
| return accept4 ();
|   ;
|   return 0;
| }
configure:13126: result: no
configure:13126: checking for pipe2
configure:13126: cc -o conftest -g -O2 -Wall -std=gnu99 -fno-strict-aliasing  -fno-strict-overflow -D_FORTIFY_SOURCE=2 -fstack-protector-strong  -Qunused-arguments -Wno-pointer-sign    -Qunused-arguments conftest.c  >&5
Undefined symbols for architecture x86_64:
  "_pipe2", referenced from:
      _main in conftest-2a54f3.o
ld: symbol(s) not found for architecture x86_64
clang: error: linker command failed with exit code 1 (use -v to see invocation)
configure:13126: $? = 1
configure: failed program was:
| /* confdefs.h */
| #define PACKAGE_NAME "libressl"
| #define PACKAGE_TARNAME "libressl"
| #define PACKAGE_VERSION "3.2.0"
| #define PACKAGE_STRING "libressl 3.2.0"
| #define PACKAGE_BUGREPORT ""
| #define PACKAGE_URL ""
| #define PACKAGE "libressl"
| #define VERSION "3.2.0"
| #define STDC_HEADERS 1
| #define HAVE_SYS_TYPES_H 1
| #define HAVE_SYS_STAT_H 1
| #define HAVE_STDLIB_H 1
| #define HAVE_STRING_H 1
| #define HAVE_MEMORY_H 1
| #define HAVE_STRINGS_H 1
| #define HAVE_INTTYPES_H 1
| #define HAVE_STDINT_H 1
| #define HAVE_UNISTD_H 1
| #define HAVE_DLFCN_H 1
| #define LT_OBJDIR ".libs/"
| #define HAVE_SYMLINK 1
| #define HAVE_ERR_H 1
| #define HAVE_READPASSPHRASE_H 1
| #define HAVE_ASPRINTF 1
| #define HAVE_MEMMEM 1
| #define HAVE_READPASSPHRASE 1
| #define HAVE_STRLCAT 1
| #define HAVE_STRLCPY 1
| #define HAVE_STRNDUP 1
| #define HAVE_STRNLEN 1
| #define HAVE_STRSEP 1
| #define HAVE_TIMEGM 1
| #define HAVE_GETPROGNAME 1
| #define HAVE_SYSLOG 1
| /* end confdefs.h.  */
| /* Define pipe2 to an innocuous variant, in case <limits.h> declares pipe2.
|    For example, HP-UX 11i <limits.h> declares gettimeofday.  */
| #define pipe2 innocuous_pipe2
| 
| /* System header to define __stub macros and hopefully few prototypes,
|     which can conflict with char pipe2 (); below.
|     Prefer <limits.h> to <assert.h> if __STDC__ is defined, since
|     <limits.h> exists even on freestanding compilers.  */
| 
| #ifdef __STDC__
| # include <limits.h>
| #else
| # include <assert.h>
| #endif
| 
| #undef pipe2
| 
| /* Override any GCC internal prototype to avoid an error.
|    Use char because int might match the return type of a GCC
|    builtin and then its argument prototype would still apply.  */
| #ifdef __cplusplus
| extern "C"
| #endif
| char pipe2 ();
| /* The GNU C library defines this for functions which it implements
|     to always fail with ENOSYS.  Some functions are actually named
|     something starting with __ and the normal name is an alias.  */
| #if defined __stub_pipe2 || defined __stub___pipe2
| choke me
| #endif
| 
| int
| main ()
| {
| return pipe2 ();
|   ;
|   return 0;
| }
configure:13126: result: no
configure:13126: checking for pledge
configure:13126: cc -o conftest -g -O2 -Wall -std=gnu99 -fno-strict-aliasing  -fno-strict-overflow -D_FORTIFY_SOURCE=2 -fstack-protector-strong  -Qunused-arguments -Wno-pointer-sign    -Qunused-arguments conftest.c  >&5
Undefined symbols for architecture x86_64:
  "_pledge", referenced from:
      _main in conftest-7b44c3.o
ld: symbol(s) not found for architecture x86_64
clang: error: linker command failed with exit code 1 (use -v to see invocation)
configure:13126: $? = 1
configure: failed program was:
| /* confdefs.h */
| #define PACKAGE_NAME "libressl"
| #define PACKAGE_TARNAME "libressl"
| #define PACKAGE_VERSION "3.2.0"
| #define PACKAGE_STRING "libressl 3.2.0"
| #define PACKAGE_BUGREPORT ""
| #define PACKAGE_URL ""
| #define PACKAGE "libressl"
| #define VERSION "3.2.0"
| #define STDC_HEADERS 1
| #define HAVE_SYS_TYPES_H 1
| #define HAVE_SYS_STAT_H 1
| #define HAVE_STDLIB_H 1
| #define HAVE_STRING_H 1
| #define HAVE_MEMORY_H 1
| #define HAVE_STRINGS_H 1
| #define HAVE_INTTYPES_H 1
| #define HAVE_STDINT_H 1
| #define HAVE_UNISTD_H 1
| #define HAVE_DLFCN_H 1
| #define LT_OBJDIR ".libs/"
| #define HAVE_SYMLINK 1
| #define HAVE_ERR_H 1
| #define HAVE_READPASSPHRASE_H 1
| #define HAVE_ASPRINTF 1
| #define HAVE_MEMMEM 1
| #define HAVE_READPASSPHRASE 1
| #define HAVE_STRLCAT 1
| #define HAVE_STRLCPY 1
| #define HAVE_STRNDUP 1
| #define HAVE_STRNLEN 1
| #define HAVE_STRSEP 1
| #define HAVE_TIMEGM 1
| #define HAVE_GETPROGNAME 1
| #define HAVE_SYSLOG 1
| /* end confdefs.h.  */
| /* Define pledge to an innocuous variant, in case <limits.h> declares pledge.
|    For example, HP-UX 11i <limits.h> declares gettimeofday.  */
| #define pledge innocuous_pledge
| 
| /* System header to define __stub macros and hopefully few prototypes,
|     which can conflict with char pledge (); below.
|     Prefer <limits.h> to <assert.h> if __STDC__ is defined, since
|     <limits.h> exists even on freestanding compilers.  */
| 
| #ifdef __STDC__
| # include <limits.h>
| #else
| # include <assert.h>
| #endif
| 
| #undef pledge
| 
| /* Override any GCC internal prototype to avoid an error.
|    Use char because int might match the return type of a GCC
|    builtin and then its argument prototype would still apply.  */
| #ifdef __cplusplus
| extern "C"
| #endif
| char pledge ();
| /* The GNU C library defines this for functions which it implements
|     to always fail with ENOSYS.  Some functions are actually named
|     something starting with __ and the normal name is an alias.  */
| #if defined __stub_pledge || defined __stub___pledge
| choke me
| #endif
| 
| int
| main ()
| {
| return pledge ();
|   ;
|   return 0;
| }
configure:13126: result: no
configure:13126: checking for poll
configure:13126: cc -o conftest -g -O2 -Wall -std=gnu99 -fno-strict-aliasing  -fno-strict-overflow -D_FORTIFY_SOURCE=2 -fstack-protector-strong  -Qunused-arguments -Wno-pointer-sign    -Qunused-arguments conftest.c  >&5
configure:13126: $? = 0
configure:13126: result: yes
configure:13126: checking for socketpair
configure:13126: cc -o conftest -g -O2 -Wall -std=gnu99 -fno-strict-aliasing  -fno-strict-overflow -D_FORTIFY_SOURCE=2 -fstack-protector-strong  -Qunused-arguments -Wno-pointer-sign    -Qunused-arguments conftest.c  >&5
configure:13126: $? = 0
configure:13126: result: yes
configure:13181: checking for arc4random
configure:13181: cc -o conftest -g -O2 -Wall -std=gnu99 -fno-strict-aliasing  -fno-strict-overflow -D_FORTIFY_SOURCE=2 -fstack-protector-strong  -Qunused-arguments -Wno-pointer-sign    -Qunused-arguments conftest.c  >&5
configure:13181: $? = 0
configure:13181: result: yes
configure:13181: checking for arc4random_buf
configure:13181: cc -o conftest -g -O2 -Wall -std=gnu99 -fno-strict-aliasing  -fno-strict-overflow -D_FORTIFY_SOURCE=2 -fstack-protector-strong  -Qunused-arguments -Wno-pointer-sign    -Qunused-arguments conftest.c  >&5
configure:13181: $? = 0
configure:13181: result: yes
configure:13181: checking for arc4random_uniform
configure:13181: cc -o conftest -g -O2 -Wall -std=gnu99 -fno-strict-aliasing  -fno-strict-overflow -D_FORTIFY_SOURCE=2 -fstack-protector-strong  -Qunused-arguments -Wno-pointer-sign    -Qunused-arguments conftest.c  >&5
configure:13181: $? = 0
configure:13181: result: yes
configure:13193: checking for explicit_bzero
configure:13193: cc -o conftest -g -O2 -Wall -std=gnu99 -fno-strict-aliasing  -fno-strict-overflow -D_FORTIFY_SOURCE=2 -fstack-protector-strong  -Qunused-arguments -Wno-pointer-sign    -Qunused-arguments conftest.c  >&5
Undefined symbols for architecture x86_64:
  "_explicit_bzero", referenced from:
      _main in conftest-590a8b.o
ld: symbol(s) not found for architecture x86_64
clang: error: linker command failed with exit code 1 (use -v to see invocation)
configure:13193: $? = 1
configure: failed program was:
| /* confdefs.h */
| #define PACKAGE_NAME "libressl"
| #define PACKAGE_TARNAME "libressl"
| #define PACKAGE_VERSION "3.2.0"
| #define PACKAGE_STRING "libressl 3.2.0"
| #define PACKAGE_BUGREPORT ""
| #define PACKAGE_URL ""
| #define PACKAGE "libressl"
| #define VERSION "3.2.0"
| #define STDC_HEADERS 1
| #define HAVE_SYS_TYPES_H 1
| #define HAVE_SYS_STAT_H 1
| #define HAVE_STDLIB_H 1
| #define HAVE_STRING_H 1
| #define HAVE_MEMORY_H 1
| #define HAVE_STRINGS_H 1
| #define HAVE_INTTYPES_H 1
| #define HAVE_STDINT_H 1
| #define HAVE_UNISTD_H 1
| #define HAVE_DLFCN_H 1
| #define LT_OBJDIR ".libs/"
| #define HAVE_SYMLINK 1
| #define HAVE_ERR_H 1
| #define HAVE_READPASSPHRASE_H 1
| #define HAVE_ASPRINTF 1
| #define HAVE_MEMMEM 1
| #define HAVE_READPASSPHRASE 1
| #define HAVE_STRLCAT 1
| #define HAVE_STRLCPY 1
| #define HAVE_STRNDUP 1
| #define HAVE_STRNLEN 1
| #define HAVE_STRSEP 1
| #define HAVE_TIMEGM 1
| #define HAVE_GETPROGNAME 1
| #define HAVE_SYSLOG 1
| #define HAVE_POLL 1
| #define HAVE_SOCKETPAIR 1
| #define HAVE_ARC4RANDOM 1
| #define HAVE_ARC4RANDOM_BUF 1
| #define HAVE_ARC4RANDOM_UNIFORM 1
| /* end confdefs.h.  */
| /* Define explicit_bzero to an innocuous variant, in case <limits.h> declares explicit_bzero.
|    For example, HP-UX 11i <limits.h> declares gettimeofday.  */
| #define explicit_bzero innocuous_explicit_bzero
| 
| /* System header to define __stub macros and hopefully few prototypes,
|     which can conflict with char explicit_bzero (); below.
|     Prefer <limits.h> to <assert.h> if __STDC__ is defined, since
|     <limits.h> exists even on freestanding compilers.  */
| 
| #ifdef __STDC__
| # include <limits.h>
| #else
| # include <assert.h>
| #endif
| 
| #undef explicit_bzero
| 
| /* Override any GCC internal prototype to avoid an error.
|    Use char because int might match the return type of a GCC
|    builtin and then its argument prototype would still apply.  */
| #ifdef __cplusplus
| extern "C"
| #endif
| char explicit_bzero ();
| /* The GNU C library defines this for functions which it implements
|     to always fail with ENOSYS.  Some functions are actually named
|     something starting with __ and the normal name is an alias.  */
| #if defined __stub_explicit_bzero || defined __stub___explicit_bzero
| choke me
| #endif
| 
| int
| main ()
| {
| return explicit_bzero ();
|   ;
|   return 0;
| }
configure:13193: result: no
configure:13193: checking for getauxval
configure:13193: cc -o conftest -g -O2 -Wall -std=gnu99 -fno-strict-aliasing  -fno-strict-overflow -D_FORTIFY_SOURCE=2 -fstack-protector-strong  -Qunused-arguments -Wno-pointer-sign    -Qunused-arguments conftest.c  >&5
Undefined symbols for architecture x86_64:
  "_getauxval", referenced from:
      _main in conftest-9ca7e3.o
ld: symbol(s) not found for architecture x86_64
clang: error: linker command failed with exit code 1 (use -v to see invocation)
configure:13193: $? = 1
configure: failed program was:
| /* confdefs.h */
| #define PACKAGE_NAME "libressl"
| #define PACKAGE_TARNAME "libressl"
| #define PACKAGE_VERSION "3.2.0"
| #define PACKAGE_STRING "libressl 3.2.0"
| #define PACKAGE_BUGREPORT ""
| #define PACKAGE_URL ""
| #define PACKAGE "libressl"
| #define VERSION "3.2.0"
| #define STDC_HEADERS 1
| #define HAVE_SYS_TYPES_H 1
| #define HAVE_SYS_STAT_H 1
| #define HAVE_STDLIB_H 1
| #define HAVE_STRING_H 1
| #define HAVE_MEMORY_H 1
| #define HAVE_STRINGS_H 1
| #define HAVE_INTTYPES_H 1
| #define HAVE_STDINT_H 1
| #define HAVE_UNISTD_H 1
| #define HAVE_DLFCN_H 1
| #define LT_OBJDIR ".libs/"
| #define HAVE_SYMLINK 1
| #define HAVE_ERR_H 1
| #define HAVE_READPASSPHRASE_H 1
| #define HAVE_ASPRINTF 1
| #define HAVE_MEMMEM 1
| #define HAVE_READPASSPHRASE 1
| #define HAVE_STRLCAT 1
| #define HAVE_STRLCPY 1
| #define HAVE_STRNDUP 1
| #define HAVE_STRNLEN 1
| #define HAVE_STRSEP 1
| #define HAVE_TIMEGM 1
| #define HAVE_GETPROGNAME 1
| #define HAVE_SYSLOG 1
| #define HAVE_POLL 1
| #define HAVE_SOCKETPAIR 1
| #define HAVE_ARC4RANDOM 1
| #define HAVE_ARC4RANDOM_BUF 1
| #define HAVE_ARC4RANDOM_UNIFORM 1
| /* end confdefs.h.  */
| /* Define getauxval to an innocuous variant, in case <limits.h> declares getauxval.
|    For example, HP-UX 11i <limits.h> declares gettimeofday.  */
| #define getauxval innocuous_getauxval
| 
| /* System header to define __stub macros and hopefully few prototypes,
|     which can conflict with char getauxval (); below.
|     Prefer <limits.h> to <assert.h> if __STDC__ is defined, since
|     <limits.h> exists even on freestanding compilers.  */
| 
| #ifdef __STDC__
| # include <limits.h>
| #else
| # include <assert.h>
| #endif
| 
| #undef getauxval
| 
| /* Override any GCC internal prototype to avoid an error.
|    Use char because int might match the return type of a GCC
|    builtin and then its argument prototype would still apply.  */
| #ifdef __cplusplus
| extern "C"
| #endif
| char getauxval ();
| /* The GNU C library defines this for functions which it implements
|     to always fail with ENOSYS.  Some functions are actually named
|     something starting with __ and the normal name is an alias.  */
| #if defined __stub_getauxval || defined __stub___getauxval
| choke me
| #endif
| 
| int
| main ()
| {
| return getauxval ();
|   ;
|   return 0;
| }
configure:13193: result: no
configure:13203: checking for getentropy
configure:13257: cc -o conftest -g -O2 -Wall -std=gnu99 -fno-strict-aliasing  -fno-strict-overflow -D_FORTIFY_SOURCE=2 -fstack-protector-strong  -Qunused-arguments -Wno-pointer-sign    -Qunused-arguments conftest.c  >&5
configure:13257: $? = 0
configure:13267: result: yes
configure:13273: checking for timingsafe_bcmp
configure:13273: cc -o conftest -g -O2 -Wall -std=gnu99 -fno-strict-aliasing  -fno-strict-overflow -D_FORTIFY_SOURCE=2 -fstack-protector-strong  -Qunused-arguments -Wno-pointer-sign    -Qunused-arguments conftest.c  >&5
configure:13273: $? = 0
configure:13273: result: yes
configure:13273: checking for timingsafe_memcmp
configure:13273: cc -o conftest -g -O2 -Wall -std=gnu99 -fno-strict-aliasing  -fno-strict-overflow -D_FORTIFY_SOURCE=2 -fstack-protector-strong  -Qunused-arguments -Wno-pointer-sign    -Qunused-arguments conftest.c  >&5
Undefined symbols for architecture x86_64:
  "_timingsafe_memcmp", referenced from:
      _main in conftest-8e59bc.o
ld: symbol(s) not found for architecture x86_64
clang: error: linker command failed with exit code 1 (use -v to see invocation)
configure:13273: $? = 1
configure: failed program was:
| /* confdefs.h */
| #define PACKAGE_NAME "libressl"
| #define PACKAGE_TARNAME "libressl"
| #define PACKAGE_VERSION "3.2.0"
| #define PACKAGE_STRING "libressl 3.2.0"
| #define PACKAGE_BUGREPORT ""
| #define PACKAGE_URL ""
| #define PACKAGE "libressl"
| #define VERSION "3.2.0"
| #define STDC_HEADERS 1
| #define HAVE_SYS_TYPES_H 1
| #define HAVE_SYS_STAT_H 1
| #define HAVE_STDLIB_H 1
| #define HAVE_STRING_H 1
| #define HAVE_MEMORY_H 1
| #define HAVE_STRINGS_H 1
| #define HAVE_INTTYPES_H 1
| #define HAVE_STDINT_H 1
| #define HAVE_UNISTD_H 1
| #define HAVE_DLFCN_H 1
| #define LT_OBJDIR ".libs/"
| #define HAVE_SYMLINK 1
| #define HAVE_ERR_H 1
| #define HAVE_READPASSPHRASE_H 1
| #define HAVE_ASPRINTF 1
| #define HAVE_MEMMEM 1
| #define HAVE_READPASSPHRASE 1
| #define HAVE_STRLCAT 1
| #define HAVE_STRLCPY 1
| #define HAVE_STRNDUP 1
| #define HAVE_STRNLEN 1
| #define HAVE_STRSEP 1
| #define HAVE_TIMEGM 1
| #define HAVE_GETPROGNAME 1
| #define HAVE_SYSLOG 1
| #define HAVE_POLL 1
| #define HAVE_SOCKETPAIR 1
| #define HAVE_ARC4RANDOM 1
| #define HAVE_ARC4RANDOM_BUF 1
| #define HAVE_ARC4RANDOM_UNIFORM 1
| #define HAVE_TIMINGSAFE_BCMP 1
| /* end confdefs.h.  */
| /* Define timingsafe_memcmp to an innocuous variant, in case <limits.h> declares timingsafe_memcmp.
|    For example, HP-UX 11i <limits.h> declares gettimeofday.  */
| #define timingsafe_memcmp innocuous_timingsafe_memcmp
| 
| /* System header to define __stub macros and hopefully few prototypes,
|     which can conflict with char timingsafe_memcmp (); below.
|     Prefer <limits.h> to <assert.h> if __STDC__ is defined, since
|     <limits.h> exists even on freestanding compilers.  */
| 
| #ifdef __STDC__
| # include <limits.h>
| #else
| # include <assert.h>
| #endif
| 
| #undef timingsafe_memcmp
| 
| /* Override any GCC internal prototype to avoid an error.
|    Use char because int might match the return type of a GCC
|    builtin and then its argument prototype would still apply.  */
| #ifdef __cplusplus
| extern "C"
| #endif
| char timingsafe_memcmp ();
| /* The GNU C library defines this for functions which it implements
|     to always fail with ENOSYS.  Some functions are actually named
|     something starting with __ and the normal name is an alias.  */
| #if defined __stub_timingsafe_memcmp || defined __stub___timingsafe_memcmp
| choke me
| #endif
| 
| int
| main ()
| {
| return timingsafe_memcmp ();
|   ;
|   return 0;
| }
configure:13273: result: no
configure:13353: checking for getauxval
configure:13353: result: no
configure:13362: checking for library containing dl_iterate_phdr
configure:13393: cc -o conftest -g -O2 -Wall -std=gnu99 -fno-strict-aliasing  -fno-strict-overflow -D_FORTIFY_SOURCE=2 -fstack-protector-strong  -Qunused-arguments -Wno-pointer-sign    -Qunused-arguments conftest.c  >&5
Undefined symbols for architecture x86_64:
  "_dl_iterate_phdr", referenced from:
      _main in conftest-108992.o
ld: symbol(s) not found for architecture x86_64
clang: error: linker command failed with exit code 1 (use -v to see invocation)
configure:13393: $? = 1
configure: failed program was:
| /* confdefs.h */
| #define PACKAGE_NAME "libressl"
| #define PACKAGE_TARNAME "libressl"
| #define PACKAGE_VERSION "3.2.0"
| #define PACKAGE_STRING "libressl 3.2.0"
| #define PACKAGE_BUGREPORT ""
| #define PACKAGE_URL ""
| #define PACKAGE "libressl"
| #define VERSION "3.2.0"
| #define STDC_HEADERS 1
| #define HAVE_SYS_TYPES_H 1
| #define HAVE_SYS_STAT_H 1
| #define HAVE_STDLIB_H 1
| #define HAVE_STRING_H 1
| #define HAVE_MEMORY_H 1
| #define HAVE_STRINGS_H 1
| #define HAVE_INTTYPES_H 1
| #define HAVE_STDINT_H 1
| #define HAVE_UNISTD_H 1
| #define HAVE_DLFCN_H 1
| #define LT_OBJDIR ".libs/"
| #define HAVE_SYMLINK 1
| #define HAVE_ERR_H 1
| #define HAVE_READPASSPHRASE_H 1
| #define HAVE_ASPRINTF 1
| #define HAVE_MEMMEM 1
| #define HAVE_READPASSPHRASE 1
| #define HAVE_STRLCAT 1
| #define HAVE_STRLCPY 1
| #define HAVE_STRNDUP 1
| #define HAVE_STRNLEN 1
| #define HAVE_STRSEP 1
| #define HAVE_TIMEGM 1
| #define HAVE_GETPROGNAME 1
| #define HAVE_SYSLOG 1
| #define HAVE_POLL 1
| #define HAVE_SOCKETPAIR 1
| #define HAVE_ARC4RANDOM 1
| #define HAVE_ARC4RANDOM_BUF 1
| #define HAVE_ARC4RANDOM_UNIFORM 1
| #define HAVE_TIMINGSAFE_BCMP 1
| /* end confdefs.h.  */
| 
| /* Override any GCC internal prototype to avoid an error.
|    Use char because int might match the return type of a GCC
|    builtin and then its argument prototype would still apply.  */
| #ifdef __cplusplus
| extern "C"
| #endif
| char dl_iterate_phdr ();
| int
| main ()
| {
| return dl_iterate_phdr ();
|   ;
|   return 0;
| }
configure:13393: cc -o conftest -g -O2 -Wall -std=gnu99 -fno-strict-aliasing  -fno-strict-overflow -D_FORTIFY_SOURCE=2 -fstack-protector-strong  -Qunused-arguments -Wno-pointer-sign    -Qunused-arguments conftest.c -ldl   >&5
Undefined symbols for architecture x86_64:
  "_dl_iterate_phdr", referenced from:
      _main in conftest-f63792.o
ld: symbol(s) not found for architecture x86_64
clang: error: linker command failed with exit code 1 (use -v to see invocation)
configure:13393: $? = 1
configure: failed program was:
| /* confdefs.h */
| #define PACKAGE_NAME "libressl"
| #define PACKAGE_TARNAME "libressl"
| #define PACKAGE_VERSION "3.2.0"
| #define PACKAGE_STRING "libressl 3.2.0"
| #define PACKAGE_BUGREPORT ""
| #define PACKAGE_URL ""
| #define PACKAGE "libressl"
| #define VERSION "3.2.0"
| #define STDC_HEADERS 1
| #define HAVE_SYS_TYPES_H 1
| #define HAVE_SYS_STAT_H 1
| #define HAVE_STDLIB_H 1
| #define HAVE_STRING_H 1
| #define HAVE_MEMORY_H 1
| #define HAVE_STRINGS_H 1
| #define HAVE_INTTYPES_H 1
| #define HAVE_STDINT_H 1
| #define HAVE_UNISTD_H 1
| #define HAVE_DLFCN_H 1
| #define LT_OBJDIR ".libs/"
| #define HAVE_SYMLINK 1
| #define HAVE_ERR_H 1
| #define HAVE_READPASSPHRASE_H 1
| #define HAVE_ASPRINTF 1
| #define HAVE_MEMMEM 1
| #define HAVE_READPASSPHRASE 1
| #define HAVE_STRLCAT 1
| #define HAVE_STRLCPY 1
| #define HAVE_STRNDUP 1
| #define HAVE_STRNLEN 1
| #define HAVE_STRSEP 1
| #define HAVE_TIMEGM 1
| #define HAVE_GETPROGNAME 1
| #define HAVE_SYSLOG 1
| #define HAVE_POLL 1
| #define HAVE_SOCKETPAIR 1
| #define HAVE_ARC4RANDOM 1
| #define HAVE_ARC4RANDOM_BUF 1
| #define HAVE_ARC4RANDOM_UNIFORM 1
| #define HAVE_TIMINGSAFE_BCMP 1
| /* end confdefs.h.  */
| 
| /* Override any GCC internal prototype to avoid an error.
|    Use char because int might match the return type of a GCC
|    builtin and then its argument prototype would still apply.  */
| #ifdef __cplusplus
| extern "C"
| #endif
| char dl_iterate_phdr ();
| int
| main ()
| {
| return dl_iterate_phdr ();
|   ;
|   return 0;
| }
configure:13410: result: no
configure:13420: checking for dl_iterate_phdr
configure:13420: cc -o conftest -g -O2 -Wall -std=gnu99 -fno-strict-aliasing  -fno-strict-overflow -D_FORTIFY_SOURCE=2 -fstack-protector-strong  -Qunused-arguments -Wno-pointer-sign    -Qunused-arguments conftest.c  >&5
Undefined symbols for architecture x86_64:
  "_dl_iterate_phdr", referenced from:
      _main in conftest-c84805.o
ld: symbol(s) not found for architecture x86_64
clang: error: linker command failed with exit code 1 (use -v to see invocation)
configure:13420: $? = 1
configure: failed program was:
| /* confdefs.h */
| #define PACKAGE_NAME "libressl"
| #define PACKAGE_TARNAME "libressl"
| #define PACKAGE_VERSION "3.2.0"
| #define PACKAGE_STRING "libressl 3.2.0"
| #define PACKAGE_BUGREPORT ""
| #define PACKAGE_URL ""
| #define PACKAGE "libressl"
| #define VERSION "3.2.0"
| #define STDC_HEADERS 1
| #define HAVE_SYS_TYPES_H 1
| #define HAVE_SYS_STAT_H 1
| #define HAVE_STDLIB_H 1
| #define HAVE_STRING_H 1
| #define HAVE_MEMORY_H 1
| #define HAVE_STRINGS_H 1
| #define HAVE_INTTYPES_H 1
| #define HAVE_STDINT_H 1
| #define HAVE_UNISTD_H 1
| #define HAVE_DLFCN_H 1
| #define LT_OBJDIR ".libs/"
| #define HAVE_SYMLINK 1
| #define HAVE_ERR_H 1
| #define HAVE_READPASSPHRASE_H 1
| #define HAVE_ASPRINTF 1
| #define HAVE_MEMMEM 1
| #define HAVE_READPASSPHRASE 1
| #define HAVE_STRLCAT 1
| #define HAVE_STRLCPY 1
| #define HAVE_STRNDUP 1
| #define HAVE_STRNLEN 1
| #define HAVE_STRSEP 1
| #define HAVE_TIMEGM 1
| #define HAVE_GETPROGNAME 1
| #define HAVE_SYSLOG 1
| #define HAVE_POLL 1
| #define HAVE_SOCKETPAIR 1
| #define HAVE_ARC4RANDOM 1
| #define HAVE_ARC4RANDOM_BUF 1
| #define HAVE_ARC4RANDOM_UNIFORM 1
| #define HAVE_TIMINGSAFE_BCMP 1
| /* end confdefs.h.  */
| /* Define dl_iterate_phdr to an innocuous variant, in case <limits.h> declares dl_iterate_phdr.
|    For example, HP-UX 11i <limits.h> declares gettimeofday.  */
| #define dl_iterate_phdr innocuous_dl_iterate_phdr
| 
| /* System header to define __stub macros and hopefully few prototypes,
|     which can conflict with char dl_iterate_phdr (); below.
|     Prefer <limits.h> to <assert.h> if __STDC__ is defined, since
|     <limits.h> exists even on freestanding compilers.  */
| 
| #ifdef __STDC__
| # include <limits.h>
| #else
| # include <assert.h>
| #endif
| 
| #undef dl_iterate_phdr
| 
| /* Override any GCC internal prototype to avoid an error.
|    Use char because int might match the return type of a GCC
|    builtin and then its argument prototype would still apply.  */
| #ifdef __cplusplus
| extern "C"
| #endif
| char dl_iterate_phdr ();
| /* The GNU C library defines this for functions which it implements
|     to always fail with ENOSYS.  Some functions are actually named
|     something starting with __ and the normal name is an alias.  */
| #if defined __stub_dl_iterate_phdr || defined __stub___dl_iterate_phdr
| choke me
| #endif
| 
| int
| main ()
| {
| return dl_iterate_phdr ();
|   ;
|   return 0;
| }
configure:13420: result: no
configure:13430: checking for library containing pthread_once
configure:13461: cc -o conftest -g -O2 -Wall -std=gnu99 -fno-strict-aliasing  -fno-strict-overflow -D_FORTIFY_SOURCE=2 -fstack-protector-strong  -Qunused-arguments -Wno-pointer-sign    -Qunused-arguments conftest.c  >&5
configure:13461: $? = 0
configure:13478: result: none required
configure:13486: checking for library containing pthread_mutex_lock
configure:13517: cc -o conftest -g -O2 -Wall -std=gnu99 -fno-strict-aliasing  -fno-strict-overflow -D_FORTIFY_SOURCE=2 -fstack-protector-strong  -Qunused-arguments -Wno-pointer-sign    -Qunused-arguments conftest.c  >&5
configure:13517: $? = 0
configure:13534: result: none required
configure:13542: checking for library containing clock_gettime
configure:13573: cc -o conftest -g -O2 -Wall -std=gnu99 -fno-strict-aliasing  -fno-strict-overflow -D_FORTIFY_SOURCE=2 -fstack-protector-strong  -Qunused-arguments -Wno-pointer-sign    -Qunused-arguments conftest.c  >&5
configure:13573: $? = 0
configure:13590: result: none required
configure:13600: checking for clock_gettime
configure:13600: cc -o conftest -g -O2 -Wall -std=gnu99 -fno-strict-aliasing  -fno-strict-overflow -D_FORTIFY_SOURCE=2 -fstack-protector-strong  -Qunused-arguments -Wno-pointer-sign    -Qunused-arguments conftest.c  >&5
configure:13600: $? = 0
configure:13600: result: yes
configure:13619: checking whether va_copy exists
configure:13639: cc -o conftest -g -O2 -Wall -std=gnu99 -fno-strict-aliasing  -fno-strict-overflow -D_FORTIFY_SOURCE=2 -fstack-protector-strong  -Qunused-arguments -Wno-pointer-sign    -Qunused-arguments conftest.c  >&5
configure:13639: $? = 0
configure:13649: result: yes
configure:13657: checking whether __va_copy exists
configure:13677: cc -o conftest -g -O2 -Wall -std=gnu99 -fno-strict-aliasing  -fno-strict-overflow -D_FORTIFY_SOURCE=2 -fstack-protector-strong  -Qunused-arguments -Wno-pointer-sign    -Qunused-arguments conftest.c  >&5
configure:13677: $? = 0
configure:13687: result: yes
configure:13696: checking for library containing b64_ntop
configure:13727: cc -o conftest -g -O2 -Wall -std=gnu99 -fno-strict-aliasing  -fno-strict-overflow -D_FORTIFY_SOURCE=2 -fstack-protector-strong  -Qunused-arguments -Wno-pointer-sign    -Qunused-arguments conftest.c  >&5
Undefined symbols for architecture x86_64:
  "_b64_ntop", referenced from:
      _main in conftest-0728df.o
ld: symbol(s) not found for architecture x86_64
clang: error: linker command failed with exit code 1 (use -v to see invocation)
configure:13727: $? = 1
configure: failed program was:
| /* confdefs.h */
| #define PACKAGE_NAME "libressl"
| #define PACKAGE_TARNAME "libressl"
| #define PACKAGE_VERSION "3.2.0"
| #define PACKAGE_STRING "libressl 3.2.0"
| #define PACKAGE_BUGREPORT ""
| #define PACKAGE_URL ""
| #define PACKAGE "libressl"
| #define VERSION "3.2.0"
| #define STDC_HEADERS 1
| #define HAVE_SYS_TYPES_H 1
| #define HAVE_SYS_STAT_H 1
| #define HAVE_STDLIB_H 1
| #define HAVE_STRING_H 1
| #define HAVE_MEMORY_H 1
| #define HAVE_STRINGS_H 1
| #define HAVE_INTTYPES_H 1
| #define HAVE_STDINT_H 1
| #define HAVE_UNISTD_H 1
| #define HAVE_DLFCN_H 1
| #define LT_OBJDIR ".libs/"
| #define HAVE_SYMLINK 1
| #define HAVE_ERR_H 1
| #define HAVE_READPASSPHRASE_H 1
| #define HAVE_ASPRINTF 1
| #define HAVE_MEMMEM 1
| #define HAVE_READPASSPHRASE 1
| #define HAVE_STRLCAT 1
| #define HAVE_STRLCPY 1
| #define HAVE_STRNDUP 1
| #define HAVE_STRNLEN 1
| #define HAVE_STRSEP 1
| #define HAVE_TIMEGM 1
| #define HAVE_GETPROGNAME 1
| #define HAVE_SYSLOG 1
| #define HAVE_POLL 1
| #define HAVE_SOCKETPAIR 1
| #define HAVE_ARC4RANDOM 1
| #define HAVE_ARC4RANDOM_BUF 1
| #define HAVE_ARC4RANDOM_UNIFORM 1
| #define HAVE_TIMINGSAFE_BCMP 1
| #define HAVE_CLOCK_GETTIME 1
| #define HAVE_VA_COPY 1
| #define HAVE___VA_COPY 1
| /* end confdefs.h.  */
| 
| /* Override any GCC internal prototype to avoid an error.
|    Use char because int might match the return type of a GCC
|    builtin and then its argument prototype would still apply.  */
| #ifdef __cplusplus
| extern "C"
| #endif
| char b64_ntop ();
| int
| main ()
| {
| return b64_ntop ();
|   ;
|   return 0;
| }
configure:13727: cc -o conftest -g -O2 -Wall -std=gnu99 -fno-strict-aliasing  -fno-strict-overflow -D_FORTIFY_SOURCE=2 -fstack-protector-strong  -Qunused-arguments -Wno-pointer-sign    -Qunused-arguments conftest.c -lresolv   >&5
Undefined symbols for architecture x86_64:
  "_b64_ntop", referenced from:
      _main in conftest-ea9fb2.o
ld: symbol(s) not found for architecture x86_64
clang: error: linker command failed with exit code 1 (use -v to see invocation)
configure:13727: $? = 1
configure: failed program was:
| /* confdefs.h */
| #define PACKAGE_NAME "libressl"
| #define PACKAGE_TARNAME "libressl"
| #define PACKAGE_VERSION "3.2.0"
| #define PACKAGE_STRING "libressl 3.2.0"
| #define PACKAGE_BUGREPORT ""
| #define PACKAGE_URL ""
| #define PACKAGE "libressl"
| #define VERSION "3.2.0"
| #define STDC_HEADERS 1
| #define HAVE_SYS_TYPES_H 1
| #define HAVE_SYS_STAT_H 1
| #define HAVE_STDLIB_H 1
| #define HAVE_STRING_H 1
| #define HAVE_MEMORY_H 1
| #define HAVE_STRINGS_H 1
| #define HAVE_INTTYPES_H 1
| #define HAVE_STDINT_H 1
| #define HAVE_UNISTD_H 1
| #define HAVE_DLFCN_H 1
| #define LT_OBJDIR ".libs/"
| #define HAVE_SYMLINK 1
| #define HAVE_ERR_H 1
| #define HAVE_READPASSPHRASE_H 1
| #define HAVE_ASPRINTF 1
| #define HAVE_MEMMEM 1
| #define HAVE_READPASSPHRASE 1
| #define HAVE_STRLCAT 1
| #define HAVE_STRLCPY 1
| #define HAVE_STRNDUP 1
| #define HAVE_STRNLEN 1
| #define HAVE_STRSEP 1
| #define HAVE_TIMEGM 1
| #define HAVE_GETPROGNAME 1
| #define HAVE_SYSLOG 1
| #define HAVE_POLL 1
| #define HAVE_SOCKETPAIR 1
| #define HAVE_ARC4RANDOM 1
| #define HAVE_ARC4RANDOM_BUF 1
| #define HAVE_ARC4RANDOM_UNIFORM 1
| #define HAVE_TIMINGSAFE_BCMP 1
| #define HAVE_CLOCK_GETTIME 1
| #define HAVE_VA_COPY 1
| #define HAVE___VA_COPY 1
| /* end confdefs.h.  */
| 
| /* Override any GCC internal prototype to avoid an error.
|    Use char because int might match the return type of a GCC
|    builtin and then its argument prototype would still apply.  */
| #ifdef __cplusplus
| extern "C"
| #endif
| char b64_ntop ();
| int
| main ()
| {
| return b64_ntop ();
|   ;
|   return 0;
| }
configure:13744: result: no
configure:13752: checking for library containing __b64_ntop
configure:13783: cc -o conftest -g -O2 -Wall -std=gnu99 -fno-strict-aliasing  -fno-strict-overflow -D_FORTIFY_SOURCE=2 -fstack-protector-strong  -Qunused-arguments -Wno-pointer-sign    -Qunused-arguments conftest.c  >&5
Undefined symbols for architecture x86_64:
  "___b64_ntop", referenced from:
      _main in conftest-bf4d54.o
ld: symbol(s) not found for architecture x86_64
clang: error: linker command failed with exit code 1 (use -v to see invocation)
configure:13783: $? = 1
configure: failed program was:
| /* confdefs.h */
| #define PACKAGE_NAME "libressl"
| #define PACKAGE_TARNAME "libressl"
| #define PACKAGE_VERSION "3.2.0"
| #define PACKAGE_STRING "libressl 3.2.0"
| #define PACKAGE_BUGREPORT ""
| #define PACKAGE_URL ""
| #define PACKAGE "libressl"
| #define VERSION "3.2.0"
| #define STDC_HEADERS 1
| #define HAVE_SYS_TYPES_H 1
| #define HAVE_SYS_STAT_H 1
| #define HAVE_STDLIB_H 1
| #define HAVE_STRING_H 1
| #define HAVE_MEMORY_H 1
| #define HAVE_STRINGS_H 1
| #define HAVE_INTTYPES_H 1
| #define HAVE_STDINT_H 1
| #define HAVE_UNISTD_H 1
| #define HAVE_DLFCN_H 1
| #define LT_OBJDIR ".libs/"
| #define HAVE_SYMLINK 1
| #define HAVE_ERR_H 1
| #define HAVE_READPASSPHRASE_H 1
| #define HAVE_ASPRINTF 1
| #define HAVE_MEMMEM 1
| #define HAVE_READPASSPHRASE 1
| #define HAVE_STRLCAT 1
| #define HAVE_STRLCPY 1
| #define HAVE_STRNDUP 1
| #define HAVE_STRNLEN 1
| #define HAVE_STRSEP 1
| #define HAVE_TIMEGM 1
| #define HAVE_GETPROGNAME 1
| #define HAVE_SYSLOG 1
| #define HAVE_POLL 1
| #define HAVE_SOCKETPAIR 1
| #define HAVE_ARC4RANDOM 1
| #define HAVE_ARC4RANDOM_BUF 1
| #define HAVE_ARC4RANDOM_UNIFORM 1
| #define HAVE_TIMINGSAFE_BCMP 1
| #define HAVE_CLOCK_GETTIME 1
| #define HAVE_VA_COPY 1
| #define HAVE___VA_COPY 1
| /* end confdefs.h.  */
| 
| /* Override any GCC internal prototype to avoid an error.
|    Use char because int might match the return type of a GCC
|    builtin and then its argument prototype would still apply.  */
| #ifdef __cplusplus
| extern "C"
| #endif
| char __b64_ntop ();
| int
| main ()
| {
| return __b64_ntop ();
|   ;
|   return 0;
| }
configure:13783: cc -o conftest -g -O2 -Wall -std=gnu99 -fno-strict-aliasing  -fno-strict-overflow -D_FORTIFY_SOURCE=2 -fstack-protector-strong  -Qunused-arguments -Wno-pointer-sign    -Qunused-arguments conftest.c -lresolv   >&5
Undefined symbols for architecture x86_64:
  "___b64_ntop", referenced from:
      _main in conftest-34d5ef.o
ld: symbol(s) not found for architecture x86_64
clang: error: linker command failed with exit code 1 (use -v to see invocation)
configure:13783: $? = 1
configure: failed program was:
| /* confdefs.h */
| #define PACKAGE_NAME "libressl"
| #define PACKAGE_TARNAME "libressl"
| #define PACKAGE_VERSION "3.2.0"
| #define PACKAGE_STRING "libressl 3.2.0"
| #define PACKAGE_BUGREPORT ""
| #define PACKAGE_URL ""
| #define PACKAGE "libressl"
| #define VERSION "3.2.0"
| #define STDC_HEADERS 1
| #define HAVE_SYS_TYPES_H 1
| #define HAVE_SYS_STAT_H 1
| #define HAVE_STDLIB_H 1
| #define HAVE_STRING_H 1
| #define HAVE_MEMORY_H 1
| #define HAVE_STRINGS_H 1
| #define HAVE_INTTYPES_H 1
| #define HAVE_STDINT_H 1
| #define HAVE_UNISTD_H 1
| #define HAVE_DLFCN_H 1
| #define LT_OBJDIR ".libs/"
| #define HAVE_SYMLINK 1
| #define HAVE_ERR_H 1
| #define HAVE_READPASSPHRASE_H 1
| #define HAVE_ASPRINTF 1
| #define HAVE_MEMMEM 1
| #define HAVE_READPASSPHRASE 1
| #define HAVE_STRLCAT 1
| #define HAVE_STRLCPY 1
| #define HAVE_STRNDUP 1
| #define HAVE_STRNLEN 1
| #define HAVE_STRSEP 1
| #define HAVE_TIMEGM 1
| #define HAVE_GETPROGNAME 1
| #define HAVE_SYSLOG 1
| #define HAVE_POLL 1
| #define HAVE_SOCKETPAIR 1
| #define HAVE_ARC4RANDOM 1
| #define HAVE_ARC4RANDOM_BUF 1
| #define HAVE_ARC4RANDOM_UNIFORM 1
| #define HAVE_TIMINGSAFE_BCMP 1
| #define HAVE_CLOCK_GETTIME 1
| #define HAVE_VA_COPY 1
| #define HAVE___VA_COPY 1
| /* end confdefs.h.  */
| 
| /* Override any GCC internal prototype to avoid an error.
|    Use char because int might match the return type of a GCC
|    builtin and then its argument prototype would still apply.  */
| #ifdef __cplusplus
| extern "C"
| #endif
| char __b64_ntop ();
| int
| main ()
| {
| return __b64_ntop ();
|   ;
|   return 0;
| }
configure:13800: result: no
configure:13808: checking for b64_ntop
configure:13831: cc -o conftest -g -O2 -Wall -std=gnu99 -fno-strict-aliasing  -fno-strict-overflow -D_FORTIFY_SOURCE=2 -fstack-protector-strong  -Qunused-arguments -Wno-pointer-sign    -Qunused-arguments conftest.c  >&5
Undefined symbols for architecture x86_64:
  "_res_9_b64_ntop", referenced from:
      _main in conftest-e34f99.o
ld: symbol(s) not found for architecture x86_64
clang: error: linker command failed with exit code 1 (use -v to see invocation)
configure:13831: $? = 1
configure: failed program was:
| /* confdefs.h */
| #define PACKAGE_NAME "libressl"
| #define PACKAGE_TARNAME "libressl"
| #define PACKAGE_VERSION "3.2.0"
| #define PACKAGE_STRING "libressl 3.2.0"
| #define PACKAGE_BUGREPORT ""
| #define PACKAGE_URL ""
| #define PACKAGE "libressl"
| #define VERSION "3.2.0"
| #define STDC_HEADERS 1
| #define HAVE_SYS_TYPES_H 1
| #define HAVE_SYS_STAT_H 1
| #define HAVE_STDLIB_H 1
| #define HAVE_STRING_H 1
| #define HAVE_MEMORY_H 1
| #define HAVE_STRINGS_H 1
| #define HAVE_INTTYPES_H 1
| #define HAVE_STDINT_H 1
| #define HAVE_UNISTD_H 1
| #define HAVE_DLFCN_H 1
| #define LT_OBJDIR ".libs/"
| #define HAVE_SYMLINK 1
| #define HAVE_ERR_H 1
| #define HAVE_READPASSPHRASE_H 1
| #define HAVE_ASPRINTF 1
| #define HAVE_MEMMEM 1
| #define HAVE_READPASSPHRASE 1
| #define HAVE_STRLCAT 1
| #define HAVE_STRLCPY 1
| #define HAVE_STRNDUP 1
| #define HAVE_STRNLEN 1
| #define HAVE_STRSEP 1
| #define HAVE_TIMEGM 1
| #define HAVE_GETPROGNAME 1
| #define HAVE_SYSLOG 1
| #define HAVE_POLL 1
| #define HAVE_SOCKETPAIR 1
| #define HAVE_ARC4RANDOM 1
| #define HAVE_ARC4RANDOM_BUF 1
| #define HAVE_ARC4RANDOM_UNIFORM 1
| #define HAVE_TIMINGSAFE_BCMP 1
| #define HAVE_CLOCK_GETTIME 1
| #define HAVE_VA_COPY 1
| #define HAVE___VA_COPY 1
| /* end confdefs.h.  */
| 
| #include <sys/types.h>
| #include <sys/socket.h>
| #include <netinet/in.h>
| #include <arpa/inet.h>
| #include <resolv.h>
| 
| int
| main ()
| {
|  b64_ntop(NULL, 0, NULL, 0);
|   ;
|   return 0;
| }
configure:13841: result: no
configure:13906: checking if BSWAP4 builds without __STRICT_ALIGNMENT
configure:13919: cc -c -g -O2 -Wall -std=gnu99 -fno-strict-aliasing  -fno-strict-overflow -D_FORTIFY_SOURCE=2 -fstack-protector-strong  -Qunused-arguments -Wno-pointer-sign -I./include  conftest.c >&5
In file included from conftest.c:46:
././crypto/modes/modes_lcl.h:15:1: error: unknown type name '__BEGIN_HIDDEN_DECLS'
__BEGIN_HIDDEN_DECLS
^
././crypto/modes/modes_lcl.h:18:1: error: expected identifier or '('
typedef long i64;
^
././crypto/modes/modes_lcl.h:113:1: error: unknown type name '__END_HIDDEN_DECLS'
__END_HIDDEN_DECLS
^
conftest.c:47:1: error: expected identifier or '('
int
^
4 errors generated.
configure:13919: $? = 1
configure: failed program was:
| /* confdefs.h */
| #define PACKAGE_NAME "libressl"
| #define PACKAGE_TARNAME "libressl"
| #define PACKAGE_VERSION "3.2.0"
| #define PACKAGE_STRING "libressl 3.2.0"
| #define PACKAGE_BUGREPORT ""
| #define PACKAGE_URL ""
| #define PACKAGE "libressl"
| #define VERSION "3.2.0"
| #define STDC_HEADERS 1
| #define HAVE_SYS_TYPES_H 1
| #define HAVE_SYS_STAT_H 1
| #define HAVE_STDLIB_H 1
| #define HAVE_STRING_H 1
| #define HAVE_MEMORY_H 1
| #define HAVE_STRINGS_H 1
| #define HAVE_INTTYPES_H 1
| #define HAVE_STDINT_H 1
| #define HAVE_UNISTD_H 1
| #define HAVE_DLFCN_H 1
| #define LT_OBJDIR ".libs/"
| #define HAVE_SYMLINK 1
| #define HAVE_ERR_H 1
| #define HAVE_READPASSPHRASE_H 1
| #define HAVE_ASPRINTF 1
| #define HAVE_MEMMEM 1
| #define HAVE_READPASSPHRASE 1
| #define HAVE_STRLCAT 1
| #define HAVE_STRLCPY 1
| #define HAVE_STRNDUP 1
| #define HAVE_STRNLEN 1
| #define HAVE_STRSEP 1
| #define HAVE_TIMEGM 1
| #define HAVE_GETPROGNAME 1
| #define HAVE_SYSLOG 1
| #define HAVE_POLL 1
| #define HAVE_SOCKETPAIR 1
| #define HAVE_ARC4RANDOM 1
| #define HAVE_ARC4RANDOM_BUF 1
| #define HAVE_ARC4RANDOM_UNIFORM 1
| #define HAVE_TIMINGSAFE_BCMP 1
| #define HAVE_CLOCK_GETTIME 1
| #define HAVE_VA_COPY 1
| #define HAVE___VA_COPY 1
| /* end confdefs.h.  */
| #include "./crypto/modes/modes_lcl.h"
| int
| main ()
| {
| int a = 0; BSWAP4(a);
|   ;
|   return 0;
| }
configure:13924: result: no
configure:13960: checking if .gnu.warning accepts long strings
configure:13970: cc -o conftest -g -O2 -Wall -std=gnu99 -fno-strict-aliasing  -fno-strict-overflow -D_FORTIFY_SOURCE=2 -fstack-protector-strong  -Qunused-arguments -Wno-pointer-sign  -D__STRICT_ALIGNMENT   -Qunused-arguments conftest.c  >&5
<inline asm>:1:35: error: unexpected token in '.section' directive
.section .gnu.warning.SSLv3_method
                                  ^
1 error generated.
configure:13970: $? = 1
configure: failed program was:
| /* confdefs.h */
| #define PACKAGE_NAME "libressl"
| #define PACKAGE_TARNAME "libressl"
| #define PACKAGE_VERSION "3.2.0"
| #define PACKAGE_STRING "libressl 3.2.0"
| #define PACKAGE_BUGREPORT ""
| #define PACKAGE_URL ""
| #define PACKAGE "libressl"
| #define VERSION "3.2.0"
| #define STDC_HEADERS 1
| #define HAVE_SYS_TYPES_H 1
| #define HAVE_SYS_STAT_H 1
| #define HAVE_STDLIB_H 1
| #define HAVE_STRING_H 1
| #define HAVE_MEMORY_H 1
| #define HAVE_STRINGS_H 1
| #define HAVE_INTTYPES_H 1
| #define HAVE_STDINT_H 1
| #define HAVE_UNISTD_H 1
| #define HAVE_DLFCN_H 1
| #define LT_OBJDIR ".libs/"
| #define HAVE_SYMLINK 1
| #define HAVE_ERR_H 1
| #define HAVE_READPASSPHRASE_H 1
| #define HAVE_ASPRINTF 1
| #define HAVE_MEMMEM 1
| #define HAVE_READPASSPHRASE 1
| #define HAVE_STRLCAT 1
| #define HAVE_STRLCPY 1
| #define HAVE_STRNDUP 1
| #define HAVE_STRNLEN 1
| #define HAVE_STRSEP 1
| #define HAVE_TIMEGM 1
| #define HAVE_GETPROGNAME 1
| #define HAVE_SYSLOG 1
| #define HAVE_POLL 1
| #define HAVE_SOCKETPAIR 1
| #define HAVE_ARC4RANDOM 1
| #define HAVE_ARC4RANDOM_BUF 1
| #define HAVE_ARC4RANDOM_UNIFORM 1
| #define HAVE_TIMINGSAFE_BCMP 1
| #define HAVE_CLOCK_GETTIME 1
| #define HAVE_VA_COPY 1
| #define HAVE___VA_COPY 1
| /* end confdefs.h.  */
| 
| extern void SSLv3_method();
| __asm__(".section .gnu.warning.SSLv3_method\n\t.ascii \"SSLv3_method is insecure\"\n\t.text");
| int main() {return 0;}
| 
configure:13980: result: no
configure:14048: checking size of time_t
configure:14053: cc -o conftest -g -O2 -Wall -std=gnu99 -fno-strict-aliasing  -fno-strict-overflow -D_FORTIFY_SOURCE=2 -fstack-protector-strong  -Qunused-arguments -Wno-pointer-sign  -D__STRICT_ALIGNMENT   -Qunused-arguments conftest.c  >&5
configure:14053: $? = 0
configure:14053: ./conftest
configure:14053: $? = 0
configure:14067: result: 8
configure:14249: checking that generated files are newer than configure
configure:14255: result: done
configure:14510: creating ./config.status

## ---------------------- ##
## Running config.status. ##
## ---------------------- ##

This file was extended by libressl config.status 3.2.0, which was
generated by GNU Autoconf 2.69.  Invocation command line was

  CONFIG_FILES    = 
  CONFIG_HEADERS  = 
  CONFIG_LINKS    = 
  CONFIG_COMMANDS = 
  $ ./config.status 

on e1r2p12.unit.ua

config.status:1143: creating Makefile
config.status:1143: creating include/Makefile
config.status:1143: creating include/openssl/Makefile
config.status:1143: creating crypto/Makefile
config.status:1143: creating ssl/Makefile
config.status:1143: creating tls/Makefile
config.status:1143: creating tests/Makefile
config.status:1143: creating apps/Makefile
config.status:1143: creating apps/ocspcheck/Makefile
config.status:1143: creating apps/openssl/Makefile
config.status:1143: creating apps/nc/Makefile
config.status:1143: creating man/Makefile
config.status:1143: creating libcrypto.pc
config.status:1143: creating libssl.pc
config.status:1143: creating libtls.pc
config.status:1143: creating openssl.pc
config.status:1315: executing depfiles commands
config.status:1392: cd crypto       && sed -e '/# am--include-marker/d' Makefile         | make -f - am--depfiles
make: Nothing to be done for `am--depfiles'.
config.status:1397: $? = 0
config.status:1392: cd ssl       && sed -e '/# am--include-marker/d' Makefile         | make -f - am--depfiles
make: Nothing to be done for `am--depfiles'.
config.status:1397: $? = 0
config.status:1392: cd tls       && sed -e '/# am--include-marker/d' Makefile         | make -f - am--depfiles
make: Nothing to be done for `am--depfiles'.
config.status:1397: $? = 0
config.status:1392: cd tests       && sed -e '/# am--include-marker/d' Makefile         | make -f - am--depfiles
make: Nothing to be done for `am--depfiles'.
config.status:1397: $? = 0
config.status:1392: cd apps/ocspcheck       && sed -e '/# am--include-marker/d' Makefile         | make -f - am--depfiles
make: Nothing to be done for `am--depfiles'.
config.status:1397: $? = 0
config.status:1392: cd apps/openssl       && sed -e '/# am--include-marker/d' Makefile         | make -f - am--depfiles
make: Nothing to be done for `am--depfiles'.
config.status:1397: $? = 0
config.status:1392: cd apps/nc       && sed -e '/# am--include-marker/d' Makefile         | make -f - am--depfiles
make: Nothing to be done for `am--depfiles'.
config.status:1397: $? = 0
config.status:1315: executing libtool commands

## ---------------- ##
## Cache variables. ##
## ---------------- ##

ac_cv_build=x86_64-apple-darwin18.7.0
ac_cv_c_compiler_gnu=yes
ac_cv_env_CCASFLAGS_set=
ac_cv_env_CCASFLAGS_value=
ac_cv_env_CCAS_set=
ac_cv_env_CCAS_value=
ac_cv_env_CC_set=
ac_cv_env_CC_value=
ac_cv_env_CFLAGS_set=
ac_cv_env_CFLAGS_value=
ac_cv_env_CPPFLAGS_set=
ac_cv_env_CPPFLAGS_value=
ac_cv_env_CPP_set=
ac_cv_env_CPP_value=
ac_cv_env_LDFLAGS_set=
ac_cv_env_LDFLAGS_value=
ac_cv_env_LIBS_set=
ac_cv_env_LIBS_value=
ac_cv_env_build_alias_set=
ac_cv_env_build_alias_value=
ac_cv_env_host_alias_set=
ac_cv_env_host_alias_value=
ac_cv_env_target_alias_set=
ac_cv_env_target_alias_value=
ac_cv_func__mkgmtime=no
ac_cv_func_accept4=no
ac_cv_func_arc4random=yes
ac_cv_func_arc4random_buf=yes
ac_cv_func_arc4random_uniform=yes
ac_cv_func_asprintf=yes
ac_cv_func_clock_gettime=yes
ac_cv_func_dl_iterate_phdr=no
ac_cv_func_explicit_bzero=no
ac_cv_func_freezero=no
ac_cv_func_funopen=yes
ac_cv_func_getauxval=no
ac_cv_func_getentropy=yes
ac_cv_func_getpagesize=yes
ac_cv_func_getprogname=yes
ac_cv_func_memmem=yes
ac_cv_func_pipe2=no
ac_cv_func_pledge=no
ac_cv_func_poll=yes
ac_cv_func_readpassphrase=yes
ac_cv_func_reallocarray=no
ac_cv_func_recallocarray=no
ac_cv_func_socketpair=yes
ac_cv_func_strlcat=yes
ac_cv_func_strlcpy=yes
ac_cv_func_strndup=yes
ac_cv_func_strnlen=yes
ac_cv_func_strsep=yes
ac_cv_func_strtonum=no
ac_cv_func_symlink=yes
ac_cv_func_syslog=yes
ac_cv_func_syslog_r=no
ac_cv_func_timegm=yes
ac_cv_func_timespecsub=no
ac_cv_func_timingsafe_bcmp=yes
ac_cv_func_timingsafe_memcmp=no
ac_cv_have___va_copy=yes
ac_cv_have_b64_ntop_arg=no
ac_cv_have_va_copy=yes
ac_cv_header_arpa_telnet_h=yes
ac_cv_header_dlfcn_h=yes
ac_cv_header_err_h=yes
ac_cv_header_inttypes_h=yes
ac_cv_header_memory_h=yes
ac_cv_header_readpassphrase_h=yes
ac_cv_header_stdc=yes
ac_cv_header_stdint_h=yes
ac_cv_header_stdlib_h=yes
ac_cv_header_string_h=yes
ac_cv_header_strings_h=yes
ac_cv_header_sys_stat_h=yes
ac_cv_header_sys_types_h=yes
ac_cv_header_unistd_h=yes
ac_cv_host=x86_64-apple-darwin18.7.0
ac_cv_objext=o
ac_cv_path_EGREP='/usr/bin/grep -E'
ac_cv_path_FGREP='/usr/bin/grep -F'
ac_cv_path_GREP=/usr/bin/grep
ac_cv_path_SED=/Users/blevishche/.brew/bin/gsed
ac_cv_path_install='/Users/blevishche/.brew/bin/ginstall -c'
ac_cv_path_mkdir=/Users/blevishche/.brew/bin/gmkdir
ac_cv_prog_AWK=awk
ac_cv_prog_CPP='cc -E'
ac_cv_prog_ac_ct_AR=ar
ac_cv_prog_ac_ct_CC=cc
ac_cv_prog_ac_ct_DSYMUTIL=dsymutil
ac_cv_prog_ac_ct_LIPO=lipo
ac_cv_prog_ac_ct_NMEDIT=nmedit
ac_cv_prog_ac_ct_OBJDUMP=objdump
ac_cv_prog_ac_ct_OTOOL=otool
ac_cv_prog_ac_ct_RANLIB=ranlib
ac_cv_prog_ac_ct_STRIP=strip
ac_cv_prog_cc_c89=
ac_cv_prog_cc_c99=
ac_cv_prog_cc_g=yes
ac_cv_prog_cc_stdc=
ac_cv_prog_make_make_set=yes
ac_cv_search___b64_ntop=no
ac_cv_search_b64_ntop=no
ac_cv_search_clock_gettime='none required'
ac_cv_search_dl_iterate_phdr=no
ac_cv_search_pthread_mutex_lock='none required'
ac_cv_search_pthread_once='none required'
ac_cv_sizeof_time_t=8
am_cv_CCAS_dependencies_compiler_type=gcc3
am_cv_CC_dependencies_compiler_type=gcc3
am_cv_make_support_nested_variables=yes
am_cv_prog_cc_c_o=yes
lt_cv_apple_cc_single_mod=yes
lt_cv_ar_at_file=no
lt_cv_deplibs_check_method=pass_all
lt_cv_file_magic_cmd='$MAGIC_CMD'
lt_cv_file_magic_test_file=
lt_cv_ld_exported_symbols_list=yes
lt_cv_ld_force_load=yes
lt_cv_ld_reload_flag=-r
lt_cv_nm_interface='BSD nm'
lt_cv_objdir=.libs
lt_cv_path_LD=/Library/Developer/CommandLineTools/usr/bin/ld
lt_cv_path_NM='/usr/bin/nm -B'
lt_cv_path_mainfest_tool=no
lt_cv_prog_compiler_c_o=yes
lt_cv_prog_compiler_pic='-fno-common -DPIC'
lt_cv_prog_compiler_pic_works=yes
lt_cv_prog_compiler_rtti_exceptions=yes
lt_cv_prog_compiler_static_works=no
lt_cv_prog_gnu_ld=no
lt_cv_sharedlib_from_linklib_cmd='printf %s\n'
lt_cv_sys_global_symbol_pipe='sed -n -e '\''s/^.*[	 ]\([BCDEGRST][BCDEGRST]*\)[	 ][	 ]*_\([_A-Za-z][_A-Za-z0-9]*\)$/\1 _\2 \2/p'\'' | sed '\''/ __gnu_lto/d'\'''
lt_cv_sys_global_symbol_to_c_name_address='sed -n -e '\''s/^: \([^ ]*\)[ ]*$/  {\"\1\", (void *) 0},/p'\'' -e '\''s/^[BCDEGRST]* \([^ ]*\) \([^ ]*\)$/  {"\2", (void *) \&\2},/p'\'''
lt_cv_sys_global_symbol_to_c_name_address_lib_prefix='sed -n -e '\''s/^: \([^ ]*\)[ ]*$/  {\"\1\", (void *) 0},/p'\'' -e '\''s/^[BCDEGRST]* \([^ ]*\) \(lib[^ ]*\)$/  {"\2", (void *) \&\2},/p'\'' -e '\''s/^[BCDEGRST]* \([^ ]*\) \([^ ]*\)$/  {"lib\2", (void *) \&\2},/p'\'''
lt_cv_sys_global_symbol_to_cdecl='sed -n -e '\''s/^T .* \(.*\)$/extern int \1();/p'\'' -e '\''s/^[BCDEGRST]* .* \(.*\)$/extern char \1;/p'\'''
lt_cv_sys_max_cmd_len=196608
lt_cv_to_host_file_cmd=func_convert_file_noop
lt_cv_to_tool_file_cmd=func_convert_file_noop

## ----------------- ##
## Output variables. ##
## ----------------- ##

ACLOCAL='${SHELL} /Users/blevishche/study/uchat2/Uchat-1/libressl-3.2.0/missing aclocal-1.16'
AMDEPBACKSLASH='\'
AMDEP_FALSE='#'
AMDEP_TRUE=''
AMTAR='$${TAR-tar}'
AM_BACKSLASH='\'
AM_DEFAULT_V='$(AM_DEFAULT_VERBOSITY)'
AM_DEFAULT_VERBOSITY='0'
AM_V='$(V)'
AR='ar'
AUTOCONF='${SHELL} /Users/blevishche/study/uchat2/Uchat-1/libressl-3.2.0/missing autoconf'
AUTOHEADER='${SHELL} /Users/blevishche/study/uchat2/Uchat-1/libressl-3.2.0/missing autoheader'
AUTOMAKE='${SHELL} /Users/blevishche/study/uchat2/Uchat-1/libressl-3.2.0/missing automake-1.16'
AWK='awk'
BUILD_CERTHASH_FALSE='#'
BUILD_CERTHASH_TRUE=''
BUILD_NC_FALSE='#'
BUILD_NC_TRUE=''
CC='cc'
CCAS='cc'
CCASDEPMODE='depmode=gcc3'
CCASFLAGS='-g -O2 -Wall -std=gnu99 -fno-strict-aliasing  -fno-strict-overflow -D_FORTIFY_SOURCE=2 -fstack-protector-strong '
CCDEPMODE='depmode=gcc3'
CFLAGS='-g -O2 -Wall -std=gnu99 -fno-strict-aliasing  -fno-strict-overflow -D_FORTIFY_SOURCE=2 -fstack-protector-strong  -Qunused-arguments -Wno-pointer-sign'
CPP='cc -E'
CPPFLAGS=' -D__STRICT_ALIGNMENT'
CYGPATH_W='echo'
DEFS='-DPACKAGE_NAME=\"libressl\" -DPACKAGE_TARNAME=\"libressl\" -DPACKAGE_VERSION=\"3.2.0\" -DPACKAGE_STRING=\"libressl\ 3.2.0\" -DPACKAGE_BUGREPORT=\"\" -DPACKAGE_URL=\"\" -DPACKAGE=\"libressl\" -DVERSION=\"3.2.0\" -DSTDC_HEADERS=1 -DHAVE_SYS_TYPES_H=1 -DHAVE_SYS_STAT_H=1 -DHAVE_STDLIB_H=1 -DHAVE_STRING_H=1 -DHAVE_MEMORY_H=1 -DHAVE_STRINGS_H=1 -DHAVE_INTTYPES_H=1 -DHAVE_STDINT_H=1 -DHAVE_UNISTD_H=1 -DHAVE_DLFCN_H=1 -DLT_OBJDIR=\".libs/\" -DHAVE_SYMLINK=1 -DHAVE_ERR_H=1 -DHAVE_READPASSPHRASE_H=1 -DHAVE_ASPRINTF=1 -DHAVE_MEMMEM=1 -DHAVE_READPASSPHRASE=1 -DHAVE_STRLCAT=1 -DHAVE_STRLCPY=1 -DHAVE_STRNDUP=1 -DHAVE_STRNLEN=1 -DHAVE_STRSEP=1 -DHAVE_TIMEGM=1 -DHAVE_GETPROGNAME=1 -DHAVE_SYSLOG=1 -DHAVE_POLL=1 -DHAVE_SOCKETPAIR=1 -DHAVE_ARC4RANDOM=1 -DHAVE_ARC4RANDOM_BUF=1 -DHAVE_ARC4RANDOM_UNIFORM=1 -DHAVE_TIMINGSAFE_BCMP=1 -DHAVE_CLOCK_GETTIME=1 -DHAVE_VA_COPY=1 -DHAVE___VA_COPY=1 -DSIZEOF_TIME_T=8'
DEPDIR='.deps'
DLLTOOL='false'
DSYMUTIL='dsymutil'
DUMPBIN=''
ECHO_C='\c'
ECHO_N=''
ECHO_T=''
EGREP='/usr/bin/grep -E'
ENABLE_EXTRATESTS_FALSE=''
ENABLE_EXTRATESTS_TRUE='#'
ENABLE_NC_FALSE='#'
ENABLE_NC_TRUE=''
ENABLE_TESTS_FALSE='#'
ENABLE_TESTS_TRUE=''
EXEEXT=''
FGREP='/usr/bin/grep -F'
GREP='/usr/bin/grep'
HAVE_ACCEPT4_FALSE=''
HAVE_ACCEPT4_TRUE='#'
HAVE_ARC4RANDOM_BUF_FALSE='#'
HAVE_ARC4RANDOM_BUF_TRUE=''
HAVE_ARC4RANDOM_FALSE='#'
HAVE_ARC4RANDOM_TRUE=''
HAVE_ARC4RANDOM_UNIFORM_FALSE='#'
HAVE_ARC4RANDOM_UNIFORM_TRUE=''
HAVE_ASPRINTF_FALSE='#'
HAVE_ASPRINTF_TRUE=''
HAVE_B64_NTOP_FALSE=''
HAVE_B64_NTOP_TRUE='#'
HAVE_CLOCK_GETTIME_FALSE='#'
HAVE_CLOCK_GETTIME_TRUE=''
HAVE_EXPLICIT_BZERO_FALSE=''
HAVE_EXPLICIT_BZERO_TRUE='#'
HAVE_FREEZERO_FALSE=''
HAVE_FREEZERO_TRUE='#'
HAVE_GETENTROPY_FALSE='#'
HAVE_GETENTROPY_TRUE=''
HAVE_GETPAGESIZE_FALSE='#'
HAVE_GETPAGESIZE_TRUE=''
HAVE_GETPROGNAME_FALSE='#'
HAVE_GETPROGNAME_TRUE=''
HAVE_MEMMEM_FALSE='#'
HAVE_MEMMEM_TRUE=''
HAVE_PIPE2_FALSE=''
HAVE_PIPE2_TRUE='#'
HAVE_PLEDGE_FALSE=''
HAVE_PLEDGE_TRUE='#'
HAVE_POLL_FALSE='#'
HAVE_POLL_TRUE=''
HAVE_READPASSPHRASE_FALSE='#'
HAVE_READPASSPHRASE_TRUE=''
HAVE_REALLOCARRAY_FALSE=''
HAVE_REALLOCARRAY_TRUE='#'
HAVE_RECALLOCARRAY_FALSE=''
HAVE_RECALLOCARRAY_TRUE='#'
HAVE_SOCKETPAIR_FALSE='#'
HAVE_SOCKETPAIR_TRUE=''
HAVE_STRLCAT_FALSE='#'
HAVE_STRLCAT_TRUE=''
HAVE_STRLCPY_FALSE='#'
HAVE_STRLCPY_TRUE=''
HAVE_STRNDUP_FALSE='#'
HAVE_STRNDUP_TRUE=''
HAVE_STRNLEN_FALSE='#'
HAVE_STRNLEN_TRUE=''
HAVE_STRSEP_FALSE='#'
HAVE_STRSEP_TRUE=''
HAVE_STRTONUM_FALSE=''
HAVE_STRTONUM_TRUE='#'
HAVE_SYSLOG_FALSE='#'
HAVE_SYSLOG_R_FALSE=''
HAVE_SYSLOG_R_TRUE='#'
HAVE_SYSLOG_TRUE=''
HAVE_TIMEGM_FALSE='#'
HAVE_TIMEGM_TRUE=''
HAVE_TIMINGSAFE_BCMP_FALSE='#'
HAVE_TIMINGSAFE_BCMP_TRUE=''
HAVE_TIMINGSAFE_MEMCMP_FALSE=''
HAVE_TIMINGSAFE_MEMCMP_TRUE='#'
HOST_AIX_FALSE=''
HOST_AIX_TRUE='#'
HOST_ASM_ELF_ARM_FALSE=''
HOST_ASM_ELF_ARM_TRUE='#'
HOST_ASM_ELF_X86_64_FALSE=''
HOST_ASM_ELF_X86_64_TRUE='#'
HOST_ASM_MACOSX_X86_64_FALSE='#'
HOST_ASM_MACOSX_X86_64_TRUE=''
HOST_ASM_MASM_X86_64_FALSE=''
HOST_ASM_MASM_X86_64_TRUE='#'
HOST_ASM_MINGW64_X86_64_FALSE=''
HOST_ASM_MINGW64_X86_64_TRUE='#'
HOST_CPU_IS_INTEL_FALSE='#'
HOST_CPU_IS_INTEL_TRUE=''
HOST_CYGWIN_FALSE=''
HOST_CYGWIN_TRUE='#'
HOST_DARWIN_FALSE='#'
HOST_DARWIN_TRUE=''
HOST_FREEBSD_FALSE=''
HOST_FREEBSD_TRUE='#'
HOST_HPUX_FALSE=''
HOST_HPUX_TRUE='#'
HOST_LINUX_FALSE=''
HOST_LINUX_TRUE='#'
HOST_MIDIPIX_FALSE=''
HOST_MIDIPIX_TRUE='#'
HOST_NETBSD_FALSE=''
HOST_NETBSD_TRUE='#'
HOST_OPENBSD_FALSE=''
HOST_OPENBSD_TRUE='#'
HOST_SOLARIS_FALSE=''
HOST_SOLARIS_TRUE='#'
HOST_WIN_FALSE=''
HOST_WIN_TRUE='#'
INSTALL_DATA='${INSTALL} -m 644'
INSTALL_PROGRAM='${INSTALL}'
INSTALL_SCRIPT='${INSTALL}'
INSTALL_STRIP_PROGRAM='$(install_sh) -c -s'
LD='/Library/Developer/CommandLineTools/usr/bin/ld'
LDFLAGS='  -Qunused-arguments'
LIBCRYPTO_VERSION='46:1:0'
LIBOBJS=''
LIBS=''
LIBSSL_VERSION='48:1:0'
LIBTLS_VERSION='20:1:0'
LIBTOOL='$(SHELL) $(top_builddir)/libtool'
LIPO='lipo'
LN_S='ln -s'
LTLIBOBJS=''
MAKEINFO='${SHELL} /Users/blevishche/study/uchat2/Uchat-1/libressl-3.2.0/missing makeinfo'
MANIFEST_TOOL=':'
MKDIR_P='/Users/blevishche/.brew/bin/gmkdir -p'
NM='/usr/bin/nm -B'
NMEDIT='nmedit'
OBJDUMP='objdump'
OBJEXT='o'
OPENSSLDIR=''
OPENSSLDIR_DEFINED_FALSE=''
OPENSSLDIR_DEFINED_TRUE='#'
OPENSSL_NO_ASM_FALSE=''
OPENSSL_NO_ASM_TRUE='#'
OTOOL64=':'
OTOOL='otool'
PACKAGE='libressl'
PACKAGE_BUGREPORT=''
PACKAGE_NAME='libressl'
PACKAGE_STRING='libressl 3.2.0'
PACKAGE_TARNAME='libressl'
PACKAGE_URL=''
PACKAGE_VERSION='3.2.0'
PATH_SEPARATOR=':'
PLATFORM_LDADD=''
PROG_LDADD=''
RANLIB='ranlib'
SED='/Users/blevishche/.brew/bin/gsed'
SET_MAKE=''
SHELL='/bin/sh'
SMALL_TIME_T_FALSE=''
SMALL_TIME_T_TRUE='#'
STRIP='strip'
VERSION='3.2.0'
ac_ct_AR='ar'
ac_ct_CC='cc'
ac_ct_DUMPBIN=''
am__EXEEXT_FALSE=''
am__EXEEXT_TRUE='#'
am__fastdepCCAS_FALSE='#'
am__fastdepCCAS_TRUE=''
am__fastdepCC_FALSE='#'
am__fastdepCC_TRUE=''
am__include='include'
am__isrc=''
am__leading_dot='.'
am__nodep='_no'
am__quote=''
am__tar='$${TAR-tar} chof - "$$tardir"'
am__untar='$${TAR-tar} xf -'
bindir='${exec_prefix}/bin'
build='x86_64-apple-darwin18.7.0'
build_alias=''
build_cpu='x86_64'
build_os='darwin18.7.0'
build_vendor='apple'
datadir='${datarootdir}'
datarootdir='${prefix}/share'
docdir='${datarootdir}/doc/${PACKAGE_TARNAME}'
dvidir='${docdir}'
exec_prefix='${prefix}'
host='x86_64-apple-darwin18.7.0'
host_alias=''
host_cpu='x86_64'
host_os='darwin18.7.0'
host_vendor='apple'
htmldir='${docdir}'
includedir='${prefix}/include'
infodir='${datarootdir}/info'
install_sh='${SHELL} /Users/blevishche/study/uchat2/Uchat-1/libressl-3.2.0/install-sh'
libdir='${exec_prefix}/lib'
libexecdir='${exec_prefix}/libexec'
localedir='${datarootdir}/locale'
localstatedir='${prefix}/var'
mandir='${datarootdir}/man'
mkdir_p='$(MKDIR_P)'
oldincludedir='/usr/include'
pdfdir='${docdir}'
prefix='/usr/local'
program_transform_name='s,x,x,'
psdir='${docdir}'
runstatedir='${localstatedir}/run'
sbindir='${exec_prefix}/sbin'
sharedstatedir='${prefix}/com'
sysconfdir='${prefix}/etc'
target_alias=''

## ----------- ##
## confdefs.h. ##
## ----------- ##

/* confdefs.h */
#define PACKAGE_NAME "libressl"
#define PACKAGE_TARNAME "libressl"
#define PACKAGE_VERSION "3.2.0"
#define PACKAGE_STRING "libressl 3.2.0"
#define PACKAGE_BUGREPORT ""
#define PACKAGE_URL ""
#define PACKAGE "libressl"
#define VERSION "3.2.0"
#define STDC_HEADERS 1
#define HAVE_SYS_TYPES_H 1
#define HAVE_SYS_STAT_H 1
#define HAVE_STDLIB_H 1
#define HAVE_STRING_H 1
#define HAVE_MEMORY_H 1
#define HAVE_STRINGS_H 1
#define HAVE_INTTYPES_H 1
#define HAVE_STDINT_H 1
#define HAVE_UNISTD_H 1
#define HAVE_DLFCN_H 1
#define LT_OBJDIR ".libs/"
#define HAVE_SYMLINK 1
#define HAVE_ERR_H 1
#define HAVE_READPASSPHRASE_H 1
#define HAVE_ASPRINTF 1
#define HAVE_MEMMEM 1
#define HAVE_READPASSPHRASE 1
#define HAVE_STRLCAT 1
#define HAVE_STRLCPY 1
#define HAVE_STRNDUP 1
#define HAVE_STRNLEN 1
#define HAVE_STRSEP 1
#define HAVE_TIMEGM 1
#define HAVE_GETPROGNAME 1
#define HAVE_SYSLOG 1
#define HAVE_POLL 1
#define HAVE_SOCKETPAIR 1
#define HAVE_ARC4RANDOM 1
#define HAVE_ARC4RANDOM_BUF 1
#define HAVE_ARC4RANDOM_UNIFORM 1
#define HAVE_TIMINGSAFE_BCMP 1
#define HAVE_CLOCK_GETTIME 1
#define HAVE_VA_COPY 1
#define HAVE___VA_COPY 1
#define SIZEOF_TIME_T 8

configure: exit 0
